[2023-12-13 16:33:39,521] {taskinstance.py:851} INFO - Dependencies all met for <TaskInstance: dag_with_python_weather_v01.fill 2023-12-13T15:00:00+00:00 [queued]>
[2023-12-13 16:33:39,593] {taskinstance.py:851} INFO - Dependencies all met for <TaskInstance: dag_with_python_weather_v01.fill 2023-12-13T15:00:00+00:00 [queued]>
[2023-12-13 16:33:39,594] {taskinstance.py:1042} INFO - 
--------------------------------------------------------------------------------
[2023-12-13 16:33:39,601] {taskinstance.py:1043} INFO - Starting attempt 1 of 1
[2023-12-13 16:33:39,601] {taskinstance.py:1044} INFO - 
--------------------------------------------------------------------------------
[2023-12-13 16:33:39,704] {taskinstance.py:1063} INFO - Executing <Task(PythonOperator): fill> on 2023-12-13T15:00:00+00:00
[2023-12-13 16:33:39,723] {standard_task_runner.py:52} INFO - Started process 4976 to run task
[2023-12-13 16:33:39,813] {standard_task_runner.py:76} INFO - Running: ['airflow', 'tasks', 'run', 'dag_with_python_weather_v01', 'fill', '2023-12-13T15:00:00+00:00', '--job-id', '135', '--pool', 'default_pool', '--raw', '--subdir', 'DAGS_FOLDER/dag_with_python_weather.py', '--cfg-path', '/tmp/tmpo1s5_2ac', '--error-file', '/tmp/tmp1h6x6f2r']
[2023-12-13 16:33:39,854] {standard_task_runner.py:77} INFO - Job 135: Subtask fill
[2023-12-13 16:33:40,143] {logging_mixin.py:104} INFO - Running <TaskInstance: dag_with_python_weather_v01.fill 2023-12-13T15:00:00+00:00 [running]> on host 40570a32c2c3
[2023-12-13 16:33:40,534] {taskinstance.py:1257} INFO - Exporting the following env vars:
AIRFLOW_CTX_DAG_OWNER=ggoni
AIRFLOW_CTX_DAG_ID=dag_with_python_weather_v01
AIRFLOW_CTX_TASK_ID=fill
AIRFLOW_CTX_EXECUTION_DATE=2023-12-13T15:00:00+00:00
AIRFLOW_CTX_DAG_RUN_ID=scheduled__2023-12-13T15:00:00+00:00
[2023-12-13 16:33:40,536] {taskinstance.py:1455} ERROR - name 'locations' is not defined
Traceback (most recent call last):
  File "/home/airflow/.local/lib/python3.6/site-packages/airflow/models/taskinstance.py", line 1112, in _run_raw_task
    self._prepare_and_execute_task_with_callbacks(context, task)
  File "/home/airflow/.local/lib/python3.6/site-packages/airflow/models/taskinstance.py", line 1285, in _prepare_and_execute_task_with_callbacks
    result = self._execute_task(context, task_copy)
  File "/home/airflow/.local/lib/python3.6/site-packages/airflow/models/taskinstance.py", line 1315, in _execute_task
    result = task_copy.execute(context=context)
  File "/home/airflow/.local/lib/python3.6/site-packages/airflow/operators/python.py", line 117, in execute
    return_value = self.execute_callable()
  File "/home/airflow/.local/lib/python3.6/site-packages/airflow/operators/python.py", line 128, in execute_callable
    return self.python_callable(*self.op_args, **self.op_kwargs)
  File "/opt/airflow/dags/dag_with_python_weather.py", line 74, in fill
    for location in locations:
NameError: name 'locations' is not defined
[2023-12-13 16:33:40,549] {taskinstance.py:1503} INFO - Marking task as FAILED. dag_id=dag_with_python_weather_v01, task_id=fill, execution_date=20231213T150000, start_date=20231213T163339, end_date=20231213T163340
[2023-12-13 16:33:40,892] {local_task_job.py:146} INFO - Task exited with return code 1
[2023-12-13 19:04:45,181] {taskinstance.py:851} INFO - Dependencies all met for <TaskInstance: dag_with_python_weather_v01.fill 2023-12-13T15:00:00+00:00 [queued]>
[2023-12-13 19:04:45,217] {taskinstance.py:851} INFO - Dependencies all met for <TaskInstance: dag_with_python_weather_v01.fill 2023-12-13T15:00:00+00:00 [queued]>
[2023-12-13 19:04:45,217] {taskinstance.py:1042} INFO - 
--------------------------------------------------------------------------------
[2023-12-13 19:04:45,218] {taskinstance.py:1043} INFO - Starting attempt 1 of 1
[2023-12-13 19:04:45,219] {taskinstance.py:1044} INFO - 
--------------------------------------------------------------------------------
[2023-12-13 19:04:45,236] {taskinstance.py:1063} INFO - Executing <Task(PythonOperator): fill> on 2023-12-13T15:00:00+00:00
[2023-12-13 19:04:45,242] {standard_task_runner.py:52} INFO - Started process 699 to run task
[2023-12-13 19:04:45,251] {standard_task_runner.py:76} INFO - Running: ['airflow', 'tasks', 'run', 'dag_with_python_weather_v01', 'fill', '2023-12-13T15:00:00+00:00', '--job-id', '17', '--pool', 'default_pool', '--raw', '--subdir', 'DAGS_FOLDER/dag_with_python_weather.py', '--cfg-path', '/tmp/tmp0wn99owm', '--error-file', '/tmp/tmpkwsj1l2n']
[2023-12-13 19:04:45,259] {standard_task_runner.py:77} INFO - Job 17: Subtask fill
[2023-12-13 19:04:45,361] {logging_mixin.py:104} INFO - Running <TaskInstance: dag_with_python_weather_v01.fill 2023-12-13T15:00:00+00:00 [running]> on host 21326130d467
[2023-12-13 19:04:45,444] {taskinstance.py:1257} INFO - Exporting the following env vars:
AIRFLOW_CTX_DAG_OWNER=ggoni
AIRFLOW_CTX_DAG_ID=dag_with_python_weather_v01
AIRFLOW_CTX_TASK_ID=fill
AIRFLOW_CTX_EXECUTION_DATE=2023-12-13T15:00:00+00:00
AIRFLOW_CTX_DAG_RUN_ID=scheduled__2023-12-13T15:00:00+00:00
[2023-12-13 19:04:45,819] {python.py:118} INFO - Done. Returned value was: None
[2023-12-13 19:04:45,837] {taskinstance.py:1166} INFO - Marking task as SUCCESS. dag_id=dag_with_python_weather_v01, task_id=fill, execution_date=20231213T150000, start_date=20231213T190445, end_date=20231213T190445
[2023-12-13 19:04:45,884] {taskinstance.py:1220} INFO - 0 downstream tasks scheduled from follow-on schedule check
[2023-12-13 19:04:45,916] {local_task_job.py:146} INFO - Task exited with return code 0
