[2023-12-20 06:00:03,344] {taskinstance.py:851} INFO - Dependencies all met for <TaskInstance: dag_with_python_weather_v01.fill 2023-12-20T05:00:00+00:00 [queued]>
[2023-12-20 06:00:03,384] {taskinstance.py:851} INFO - Dependencies all met for <TaskInstance: dag_with_python_weather_v01.fill 2023-12-20T05:00:00+00:00 [queued]>
[2023-12-20 06:00:03,385] {taskinstance.py:1042} INFO - 
--------------------------------------------------------------------------------
[2023-12-20 06:00:03,387] {taskinstance.py:1043} INFO - Starting attempt 1 of 1
[2023-12-20 06:00:03,393] {taskinstance.py:1044} INFO - 
--------------------------------------------------------------------------------
[2023-12-20 06:00:03,434] {taskinstance.py:1063} INFO - Executing <Task(PythonOperator): fill> on 2023-12-20T05:00:00+00:00
[2023-12-20 06:00:03,448] {standard_task_runner.py:52} INFO - Started process 10488 to run task
[2023-12-20 06:00:03,470] {standard_task_runner.py:76} INFO - Running: ['airflow', 'tasks', 'run', 'dag_with_python_weather_v01', 'fill', '2023-12-20T05:00:00+00:00', '--job-id', '192', '--pool', 'default_pool', '--raw', '--subdir', 'DAGS_FOLDER/dag_with_python_weather.py', '--cfg-path', '/tmp/tmpi83_7nbv', '--error-file', '/tmp/tmpc6ivr491']
[2023-12-20 06:00:03,479] {standard_task_runner.py:77} INFO - Job 192: Subtask fill
[2023-12-20 06:00:03,595] {logging_mixin.py:104} INFO - Running <TaskInstance: dag_with_python_weather_v01.fill 2023-12-20T05:00:00+00:00 [running]> on host 5f3722f1fc3b
[2023-12-20 06:00:03,715] {taskinstance.py:1257} INFO - Exporting the following env vars:
AIRFLOW_CTX_DAG_OWNER=ggoni
AIRFLOW_CTX_DAG_ID=dag_with_python_weather_v01
AIRFLOW_CTX_TASK_ID=fill
AIRFLOW_CTX_EXECUTION_DATE=2023-12-20T05:00:00+00:00
AIRFLOW_CTX_DAG_RUN_ID=scheduled__2023-12-20T05:00:00+00:00
[2023-12-20 06:00:06,926] {python.py:118} INFO - Done. Returned value was: None
[2023-12-20 06:00:06,958] {taskinstance.py:1166} INFO - Marking task as SUCCESS. dag_id=dag_with_python_weather_v01, task_id=fill, execution_date=20231220T050000, start_date=20231220T060003, end_date=20231220T060006
[2023-12-20 06:00:07,048] {taskinstance.py:1220} INFO - 0 downstream tasks scheduled from follow-on schedule check
[2023-12-20 06:00:07,075] {local_task_job.py:146} INFO - Task exited with return code 0
