[2023-12-15 22:00:01,894] {taskinstance.py:851} INFO - Dependencies all met for <TaskInstance: dag_with_python_weather_v01.fill 2023-12-15T21:00:00+00:00 [queued]>
[2023-12-15 22:00:01,912] {taskinstance.py:851} INFO - Dependencies all met for <TaskInstance: dag_with_python_weather_v01.fill 2023-12-15T21:00:00+00:00 [queued]>
[2023-12-15 22:00:01,913] {taskinstance.py:1042} INFO - 
--------------------------------------------------------------------------------
[2023-12-15 22:00:01,913] {taskinstance.py:1043} INFO - Starting attempt 1 of 1
[2023-12-15 22:00:01,913] {taskinstance.py:1044} INFO - 
--------------------------------------------------------------------------------
[2023-12-15 22:00:01,923] {taskinstance.py:1063} INFO - Executing <Task(PythonOperator): fill> on 2023-12-15T21:00:00+00:00
[2023-12-15 22:00:01,934] {standard_task_runner.py:52} INFO - Started process 51656 to run task
[2023-12-15 22:00:01,940] {standard_task_runner.py:76} INFO - Running: ['airflow', 'tasks', 'run', 'dag_with_python_weather_v01', 'fill', '2023-12-15T21:00:00+00:00', '--job-id', '88', '--pool', 'default_pool', '--raw', '--subdir', 'DAGS_FOLDER/dag_with_python_weather.py', '--cfg-path', '/tmp/tmp0dfa70yo', '--error-file', '/tmp/tmp5izxfkry']
[2023-12-15 22:00:01,946] {standard_task_runner.py:77} INFO - Job 88: Subtask fill
[2023-12-15 22:00:02,007] {logging_mixin.py:104} INFO - Running <TaskInstance: dag_with_python_weather_v01.fill 2023-12-15T21:00:00+00:00 [running]> on host 5f3722f1fc3b
[2023-12-15 22:00:02,063] {taskinstance.py:1257} INFO - Exporting the following env vars:
AIRFLOW_CTX_DAG_OWNER=ggoni
AIRFLOW_CTX_DAG_ID=dag_with_python_weather_v01
AIRFLOW_CTX_TASK_ID=fill
AIRFLOW_CTX_EXECUTION_DATE=2023-12-15T21:00:00+00:00
AIRFLOW_CTX_DAG_RUN_ID=scheduled__2023-12-15T21:00:00+00:00
[2023-12-15 22:00:03,808] {python.py:118} INFO - Done. Returned value was: None
[2023-12-15 22:00:03,823] {taskinstance.py:1166} INFO - Marking task as SUCCESS. dag_id=dag_with_python_weather_v01, task_id=fill, execution_date=20231215T210000, start_date=20231215T220001, end_date=20231215T220003
[2023-12-15 22:00:03,856] {taskinstance.py:1220} INFO - 0 downstream tasks scheduled from follow-on schedule check
[2023-12-15 22:00:03,902] {local_task_job.py:146} INFO - Task exited with return code 0
