[2023-12-13 16:33:32,955] {taskinstance.py:851} INFO - Dependencies all met for <TaskInstance: dag_with_python_weather_v01.fill 2023-12-13T07:00:00+00:00 [queued]>
[2023-12-13 16:33:33,158] {taskinstance.py:851} INFO - Dependencies all met for <TaskInstance: dag_with_python_weather_v01.fill 2023-12-13T07:00:00+00:00 [queued]>
[2023-12-13 16:33:33,167] {taskinstance.py:1042} INFO - 
--------------------------------------------------------------------------------
[2023-12-13 16:33:33,176] {taskinstance.py:1043} INFO - Starting attempt 1 of 1
[2023-12-13 16:33:33,180] {taskinstance.py:1044} INFO - 
--------------------------------------------------------------------------------
[2023-12-13 16:33:33,446] {taskinstance.py:1063} INFO - Executing <Task(PythonOperator): fill> on 2023-12-13T07:00:00+00:00
[2023-12-13 16:33:33,487] {standard_task_runner.py:52} INFO - Started process 4935 to run task
[2023-12-13 16:33:33,517] {standard_task_runner.py:76} INFO - Running: ['airflow', 'tasks', 'run', 'dag_with_python_weather_v01', 'fill', '2023-12-13T07:00:00+00:00', '--job-id', '127', '--pool', 'default_pool', '--raw', '--subdir', 'DAGS_FOLDER/dag_with_python_weather.py', '--cfg-path', '/tmp/tmpzukopcsf', '--error-file', '/tmp/tmpnem9jow9']
[2023-12-13 16:33:33,530] {standard_task_runner.py:77} INFO - Job 127: Subtask fill
[2023-12-13 16:33:34,905] {logging_mixin.py:104} INFO - Running <TaskInstance: dag_with_python_weather_v01.fill 2023-12-13T07:00:00+00:00 [running]> on host 40570a32c2c3
[2023-12-13 16:33:35,226] {taskinstance.py:1257} INFO - Exporting the following env vars:
AIRFLOW_CTX_DAG_OWNER=ggoni
AIRFLOW_CTX_DAG_ID=dag_with_python_weather_v01
AIRFLOW_CTX_TASK_ID=fill
AIRFLOW_CTX_EXECUTION_DATE=2023-12-13T07:00:00+00:00
AIRFLOW_CTX_DAG_RUN_ID=scheduled__2023-12-13T07:00:00+00:00
[2023-12-13 16:33:35,228] {taskinstance.py:1455} ERROR - name 'locations' is not defined
Traceback (most recent call last):
  File "/home/airflow/.local/lib/python3.6/site-packages/airflow/models/taskinstance.py", line 1112, in _run_raw_task
    self._prepare_and_execute_task_with_callbacks(context, task)
  File "/home/airflow/.local/lib/python3.6/site-packages/airflow/models/taskinstance.py", line 1285, in _prepare_and_execute_task_with_callbacks
    result = self._execute_task(context, task_copy)
  File "/home/airflow/.local/lib/python3.6/site-packages/airflow/models/taskinstance.py", line 1315, in _execute_task
    result = task_copy.execute(context=context)
  File "/home/airflow/.local/lib/python3.6/site-packages/airflow/operators/python.py", line 117, in execute
    return_value = self.execute_callable()
  File "/home/airflow/.local/lib/python3.6/site-packages/airflow/operators/python.py", line 128, in execute_callable
    return self.python_callable(*self.op_args, **self.op_kwargs)
  File "/opt/airflow/dags/dag_with_python_weather.py", line 74, in fill
    for location in locations:
NameError: name 'locations' is not defined
[2023-12-13 16:33:35,234] {taskinstance.py:1503} INFO - Marking task as FAILED. dag_id=dag_with_python_weather_v01, task_id=fill, execution_date=20231213T070000, start_date=20231213T163332, end_date=20231213T163335
[2023-12-13 16:33:35,406] {local_task_job.py:146} INFO - Task exited with return code 1
[2023-12-13 19:04:42,989] {taskinstance.py:851} INFO - Dependencies all met for <TaskInstance: dag_with_python_weather_v01.fill 2023-12-13T07:00:00+00:00 [queued]>
[2023-12-13 19:04:43,020] {taskinstance.py:851} INFO - Dependencies all met for <TaskInstance: dag_with_python_weather_v01.fill 2023-12-13T07:00:00+00:00 [queued]>
[2023-12-13 19:04:43,021] {taskinstance.py:1042} INFO - 
--------------------------------------------------------------------------------
[2023-12-13 19:04:43,022] {taskinstance.py:1043} INFO - Starting attempt 1 of 1
[2023-12-13 19:04:43,023] {taskinstance.py:1044} INFO - 
--------------------------------------------------------------------------------
[2023-12-13 19:04:43,041] {taskinstance.py:1063} INFO - Executing <Task(PythonOperator): fill> on 2023-12-13T07:00:00+00:00
[2023-12-13 19:04:43,049] {standard_task_runner.py:52} INFO - Started process 661 to run task
[2023-12-13 19:04:43,070] {standard_task_runner.py:76} INFO - Running: ['airflow', 'tasks', 'run', 'dag_with_python_weather_v01', 'fill', '2023-12-13T07:00:00+00:00', '--job-id', '9', '--pool', 'default_pool', '--raw', '--subdir', 'DAGS_FOLDER/dag_with_python_weather.py', '--cfg-path', '/tmp/tmpjg1lo1z4', '--error-file', '/tmp/tmpfhq4lc0x']
[2023-12-13 19:04:43,083] {standard_task_runner.py:77} INFO - Job 9: Subtask fill
[2023-12-13 19:04:43,200] {logging_mixin.py:104} INFO - Running <TaskInstance: dag_with_python_weather_v01.fill 2023-12-13T07:00:00+00:00 [running]> on host 21326130d467
[2023-12-13 19:04:43,317] {taskinstance.py:1257} INFO - Exporting the following env vars:
AIRFLOW_CTX_DAG_OWNER=ggoni
AIRFLOW_CTX_DAG_ID=dag_with_python_weather_v01
AIRFLOW_CTX_TASK_ID=fill
AIRFLOW_CTX_EXECUTION_DATE=2023-12-13T07:00:00+00:00
AIRFLOW_CTX_DAG_RUN_ID=scheduled__2023-12-13T07:00:00+00:00
[2023-12-13 19:04:43,693] {python.py:118} INFO - Done. Returned value was: None
[2023-12-13 19:04:43,733] {taskinstance.py:1166} INFO - Marking task as SUCCESS. dag_id=dag_with_python_weather_v01, task_id=fill, execution_date=20231213T070000, start_date=20231213T190442, end_date=20231213T190443
[2023-12-13 19:04:43,849] {taskinstance.py:1220} INFO - 0 downstream tasks scheduled from follow-on schedule check
[2023-12-13 19:04:43,895] {local_task_job.py:146} INFO - Task exited with return code 0
