[2023-12-13 16:31:01,575] {taskinstance.py:851} INFO - Dependencies all met for <TaskInstance: dag_with_python_weather_v01.fill 2023-12-13T16:29:27.254586+00:00 [queued]>
[2023-12-13 16:31:01,742] {taskinstance.py:851} INFO - Dependencies all met for <TaskInstance: dag_with_python_weather_v01.fill 2023-12-13T16:29:27.254586+00:00 [queued]>
[2023-12-13 16:31:01,766] {taskinstance.py:1042} INFO - 
--------------------------------------------------------------------------------
[2023-12-13 16:31:01,783] {taskinstance.py:1043} INFO - Starting attempt 1 of 1
[2023-12-13 16:31:01,824] {taskinstance.py:1044} INFO - 
--------------------------------------------------------------------------------
[2023-12-13 16:31:03,479] {taskinstance.py:1063} INFO - Executing <Task(PythonOperator): fill> on 2023-12-13T16:29:27.254586+00:00
[2023-12-13 16:31:03,721] {standard_task_runner.py:52} INFO - Started process 4126 to run task
[2023-12-13 16:31:03,812] {standard_task_runner.py:76} INFO - Running: ['airflow', 'tasks', 'run', 'dag_with_python_weather_v01', 'fill', '2023-12-13T16:29:27.254586+00:00', '--job-id', '2', '--pool', 'default_pool', '--raw', '--subdir', 'DAGS_FOLDER/dag_with_python_weather.py', '--cfg-path', '/tmp/tmpejdgkx6a', '--error-file', '/tmp/tmp00rt0kbe']
[2023-12-13 16:31:04,141] {standard_task_runner.py:77} INFO - Job 2: Subtask fill
[2023-12-13 16:31:08,862] {logging_mixin.py:104} INFO - Running <TaskInstance: dag_with_python_weather_v01.fill 2023-12-13T16:29:27.254586+00:00 [running]> on host 40570a32c2c3
[2023-12-13 16:31:16,751] {taskinstance.py:1257} INFO - Exporting the following env vars:
AIRFLOW_CTX_DAG_OWNER=ggoni
AIRFLOW_CTX_DAG_ID=dag_with_python_weather_v01
AIRFLOW_CTX_TASK_ID=fill
AIRFLOW_CTX_EXECUTION_DATE=2023-12-13T16:29:27.254586+00:00
AIRFLOW_CTX_DAG_RUN_ID=manual__2023-12-13T16:29:27.254586+00:00
[2023-12-13 16:31:16,788] {taskinstance.py:1455} ERROR - name 'locations' is not defined
Traceback (most recent call last):
  File "/home/airflow/.local/lib/python3.6/site-packages/airflow/models/taskinstance.py", line 1112, in _run_raw_task
    self._prepare_and_execute_task_with_callbacks(context, task)
  File "/home/airflow/.local/lib/python3.6/site-packages/airflow/models/taskinstance.py", line 1285, in _prepare_and_execute_task_with_callbacks
    result = self._execute_task(context, task_copy)
  File "/home/airflow/.local/lib/python3.6/site-packages/airflow/models/taskinstance.py", line 1315, in _execute_task
    result = task_copy.execute(context=context)
  File "/home/airflow/.local/lib/python3.6/site-packages/airflow/operators/python.py", line 117, in execute
    return_value = self.execute_callable()
  File "/home/airflow/.local/lib/python3.6/site-packages/airflow/operators/python.py", line 128, in execute_callable
    return self.python_callable(*self.op_args, **self.op_kwargs)
  File "/opt/airflow/dags/dag_with_python_weather.py", line 74, in fill
    for location in locations:
NameError: name 'locations' is not defined
[2023-12-13 16:31:16,793] {taskinstance.py:1503} INFO - Marking task as FAILED. dag_id=dag_with_python_weather_v01, task_id=fill, execution_date=20231213T162927, start_date=20231213T163101, end_date=20231213T163116
[2023-12-13 16:31:20,300] {local_task_job.py:188} WARNING - State of this instance has been externally set to failed. Terminating instance.
[2023-12-13 16:31:20,802] {process_utils.py:100} INFO - Sending Signals.SIGTERM to GPID 4126
[2023-12-13 16:31:20,895] {process_utils.py:66} INFO - Process psutil.Process(pid=4126, status='terminated', exitcode=1, started='16:31:03') (4126) terminated with exit code 1
