[2023-12-13 19:50:37,361] {taskinstance.py:851} INFO - Dependencies all met for <TaskInstance: dag_with_python_weather_v01.fill 2023-12-13T18:00:00+00:00 [queued]>
[2023-12-13 19:50:39,420] {taskinstance.py:851} INFO - Dependencies all met for <TaskInstance: dag_with_python_weather_v01.fill 2023-12-13T18:00:00+00:00 [queued]>
[2023-12-13 19:50:39,866] {taskinstance.py:1042} INFO - 
--------------------------------------------------------------------------------
[2023-12-13 19:50:39,871] {taskinstance.py:1043} INFO - Starting attempt 1 of 1
[2023-12-13 19:50:39,920] {taskinstance.py:1044} INFO - 
--------------------------------------------------------------------------------
[2023-12-13 19:50:40,974] {taskinstance.py:1063} INFO - Executing <Task(PythonOperator): fill> on 2023-12-13T18:00:00+00:00
[2023-12-13 19:50:41,140] {standard_task_runner.py:52} INFO - Started process 1082 to run task
[2023-12-13 19:50:41,345] {standard_task_runner.py:76} INFO - Running: ['airflow', 'tasks', 'run', 'dag_with_python_weather_v01', 'fill', '2023-12-13T18:00:00+00:00', '--job-id', '37', '--pool', 'default_pool', '--raw', '--subdir', 'DAGS_FOLDER/dag_with_python_weather.py', '--cfg-path', '/tmp/tmpsrki4jqr', '--error-file', '/tmp/tmpjfp9w_em']
[2023-12-13 19:50:41,420] {standard_task_runner.py:77} INFO - Job 37: Subtask fill
[2023-12-13 19:50:42,785] {logging_mixin.py:104} INFO - Running <TaskInstance: dag_with_python_weather_v01.fill 2023-12-13T18:00:00+00:00 [running]> on host 5f3722f1fc3b
[2023-12-13 19:50:43,720] {taskinstance.py:1257} INFO - Exporting the following env vars:
AIRFLOW_CTX_DAG_OWNER=ggoni
AIRFLOW_CTX_DAG_ID=dag_with_python_weather_v01
AIRFLOW_CTX_TASK_ID=fill
AIRFLOW_CTX_EXECUTION_DATE=2023-12-13T18:00:00+00:00
AIRFLOW_CTX_DAG_RUN_ID=scheduled__2023-12-13T18:00:00+00:00
[2023-12-13 19:50:46,950] {python.py:118} INFO - Done. Returned value was: None
[2023-12-13 19:50:47,188] {taskinstance.py:1166} INFO - Marking task as SUCCESS. dag_id=dag_with_python_weather_v01, task_id=fill, execution_date=20231213T180000, start_date=20231213T195037, end_date=20231213T195047
[2023-12-13 19:50:47,406] {taskinstance.py:1220} INFO - 0 downstream tasks scheduled from follow-on schedule check
[2023-12-13 19:50:47,600] {local_task_job.py:146} INFO - Task exited with return code 0
