[2023-12-13 16:31:23,856] {taskinstance.py:851} INFO - Dependencies all met for <TaskInstance: dag_with_python_weather_v01.fill 2021-10-12T11:00:00+00:00 [queued]>
[2023-12-13 16:31:24,146] {taskinstance.py:851} INFO - Dependencies all met for <TaskInstance: dag_with_python_weather_v01.fill 2021-10-12T11:00:00+00:00 [queued]>
[2023-12-13 16:31:24,147] {taskinstance.py:1042} INFO - 
--------------------------------------------------------------------------------
[2023-12-13 16:31:24,147] {taskinstance.py:1043} INFO - Starting attempt 1 of 1
[2023-12-13 16:31:24,148] {taskinstance.py:1044} INFO - 
--------------------------------------------------------------------------------
[2023-12-13 16:31:24,238] {taskinstance.py:1063} INFO - Executing <Task(PythonOperator): fill> on 2021-10-12T11:00:00+00:00
[2023-12-13 16:31:24,270] {standard_task_runner.py:52} INFO - Started process 4170 to run task
[2023-12-13 16:31:24,364] {standard_task_runner.py:76} INFO - Running: ['airflow', 'tasks', 'run', 'dag_with_python_weather_v01', 'fill', '2021-10-12T11:00:00+00:00', '--job-id', '16', '--pool', 'default_pool', '--raw', '--subdir', 'DAGS_FOLDER/dag_with_python_weather.py', '--cfg-path', '/tmp/tmp8fd77k6f', '--error-file', '/tmp/tmphuz_fcjw']
[2023-12-13 16:31:24,404] {standard_task_runner.py:77} INFO - Job 16: Subtask fill
[2023-12-13 16:31:25,133] {logging_mixin.py:104} INFO - Running <TaskInstance: dag_with_python_weather_v01.fill 2021-10-12T11:00:00+00:00 [running]> on host 40570a32c2c3
[2023-12-13 16:31:26,058] {taskinstance.py:1257} INFO - Exporting the following env vars:
AIRFLOW_CTX_DAG_OWNER=ggoni
AIRFLOW_CTX_DAG_ID=dag_with_python_weather_v01
AIRFLOW_CTX_TASK_ID=fill
AIRFLOW_CTX_EXECUTION_DATE=2021-10-12T11:00:00+00:00
AIRFLOW_CTX_DAG_RUN_ID=scheduled__2021-10-12T11:00:00+00:00
[2023-12-13 16:31:26,062] {taskinstance.py:1455} ERROR - name 'locations' is not defined
Traceback (most recent call last):
  File "/home/airflow/.local/lib/python3.6/site-packages/airflow/models/taskinstance.py", line 1112, in _run_raw_task
    self._prepare_and_execute_task_with_callbacks(context, task)
  File "/home/airflow/.local/lib/python3.6/site-packages/airflow/models/taskinstance.py", line 1285, in _prepare_and_execute_task_with_callbacks
    result = self._execute_task(context, task_copy)
  File "/home/airflow/.local/lib/python3.6/site-packages/airflow/models/taskinstance.py", line 1315, in _execute_task
    result = task_copy.execute(context=context)
  File "/home/airflow/.local/lib/python3.6/site-packages/airflow/operators/python.py", line 117, in execute
    return_value = self.execute_callable()
  File "/home/airflow/.local/lib/python3.6/site-packages/airflow/operators/python.py", line 128, in execute_callable
    return self.python_callable(*self.op_args, **self.op_kwargs)
  File "/opt/airflow/dags/dag_with_python_weather.py", line 74, in fill
    for location in locations:
NameError: name 'locations' is not defined
[2023-12-13 16:31:26,087] {taskinstance.py:1503} INFO - Marking task as FAILED. dag_id=dag_with_python_weather_v01, task_id=fill, execution_date=20211012T110000, start_date=20231213T163123, end_date=20231213T163126
[2023-12-13 16:31:26,269] {local_task_job.py:146} INFO - Task exited with return code 1
