[2023-12-20 10:00:05,854] {taskinstance.py:851} INFO - Dependencies all met for <TaskInstance: dag_with_python_weather_v01.fill 2023-12-20T09:00:00+00:00 [queued]>
[2023-12-20 10:00:05,924] {taskinstance.py:851} INFO - Dependencies all met for <TaskInstance: dag_with_python_weather_v01.fill 2023-12-20T09:00:00+00:00 [queued]>
[2023-12-20 10:00:05,925] {taskinstance.py:1042} INFO - 
--------------------------------------------------------------------------------
[2023-12-20 10:00:05,926] {taskinstance.py:1043} INFO - Starting attempt 1 of 1
[2023-12-20 10:00:05,927] {taskinstance.py:1044} INFO - 
--------------------------------------------------------------------------------
[2023-12-20 10:00:05,951] {taskinstance.py:1063} INFO - Executing <Task(PythonOperator): fill> on 2023-12-20T09:00:00+00:00
[2023-12-20 10:00:05,964] {standard_task_runner.py:52} INFO - Started process 78198 to run task
[2023-12-20 10:00:05,982] {standard_task_runner.py:76} INFO - Running: ['airflow', 'tasks', 'run', 'dag_with_python_weather_v01', 'fill', '2023-12-20T09:00:00+00:00', '--job-id', '196', '--pool', 'default_pool', '--raw', '--subdir', 'DAGS_FOLDER/dag_with_python_weather.py', '--cfg-path', '/tmp/tmp758znre2', '--error-file', '/tmp/tmp01m8rqtx']
[2023-12-20 10:00:05,987] {standard_task_runner.py:77} INFO - Job 196: Subtask fill
[2023-12-20 10:00:06,195] {logging_mixin.py:104} INFO - Running <TaskInstance: dag_with_python_weather_v01.fill 2023-12-20T09:00:00+00:00 [running]> on host 5f3722f1fc3b
[2023-12-20 10:00:06,377] {taskinstance.py:1257} INFO - Exporting the following env vars:
AIRFLOW_CTX_DAG_OWNER=ggoni
AIRFLOW_CTX_DAG_ID=dag_with_python_weather_v01
AIRFLOW_CTX_TASK_ID=fill
AIRFLOW_CTX_EXECUTION_DATE=2023-12-20T09:00:00+00:00
AIRFLOW_CTX_DAG_RUN_ID=scheduled__2023-12-20T09:00:00+00:00
[2023-12-20 10:00:07,928] {python.py:118} INFO - Done. Returned value was: None
[2023-12-20 10:00:07,978] {taskinstance.py:1166} INFO - Marking task as SUCCESS. dag_id=dag_with_python_weather_v01, task_id=fill, execution_date=20231220T090000, start_date=20231220T100005, end_date=20231220T100007
[2023-12-20 10:00:08,077] {taskinstance.py:1220} INFO - 0 downstream tasks scheduled from follow-on schedule check
[2023-12-20 10:00:08,091] {local_task_job.py:146} INFO - Task exited with return code 0
