[2023-12-21 01:00:04,118] {taskinstance.py:851} INFO - Dependencies all met for <TaskInstance: dag_with_python_weather_v01.fill 2023-12-21T00:00:00+00:00 [queued]>
[2023-12-21 01:00:04,156] {taskinstance.py:851} INFO - Dependencies all met for <TaskInstance: dag_with_python_weather_v01.fill 2023-12-21T00:00:00+00:00 [queued]>
[2023-12-21 01:00:04,167] {taskinstance.py:1042} INFO - 
--------------------------------------------------------------------------------
[2023-12-21 01:00:04,170] {taskinstance.py:1043} INFO - Starting attempt 1 of 1
[2023-12-21 01:00:04,171] {taskinstance.py:1044} INFO - 
--------------------------------------------------------------------------------
[2023-12-21 01:00:04,217] {taskinstance.py:1063} INFO - Executing <Task(PythonOperator): fill> on 2023-12-21T00:00:00+00:00
[2023-12-21 01:00:04,244] {standard_task_runner.py:52} INFO - Started process 29703 to run task
[2023-12-21 01:00:04,256] {standard_task_runner.py:76} INFO - Running: ['airflow', 'tasks', 'run', 'dag_with_python_weather_v01', 'fill', '2023-12-21T00:00:00+00:00', '--job-id', '211', '--pool', 'default_pool', '--raw', '--subdir', 'DAGS_FOLDER/dag_with_python_weather.py', '--cfg-path', '/tmp/tmptf8jk6w8', '--error-file', '/tmp/tmpb9oon1ns']
[2023-12-21 01:00:04,285] {standard_task_runner.py:77} INFO - Job 211: Subtask fill
[2023-12-21 01:00:04,572] {logging_mixin.py:104} INFO - Running <TaskInstance: dag_with_python_weather_v01.fill 2023-12-21T00:00:00+00:00 [running]> on host 5f3722f1fc3b
[2023-12-21 01:00:04,880] {taskinstance.py:1257} INFO - Exporting the following env vars:
AIRFLOW_CTX_DAG_OWNER=ggoni
AIRFLOW_CTX_DAG_ID=dag_with_python_weather_v01
AIRFLOW_CTX_TASK_ID=fill
AIRFLOW_CTX_EXECUTION_DATE=2023-12-21T00:00:00+00:00
AIRFLOW_CTX_DAG_RUN_ID=scheduled__2023-12-21T00:00:00+00:00
[2023-12-21 01:00:08,727] {python.py:118} INFO - Done. Returned value was: None
[2023-12-21 01:00:08,903] {taskinstance.py:1166} INFO - Marking task as SUCCESS. dag_id=dag_with_python_weather_v01, task_id=fill, execution_date=20231221T000000, start_date=20231221T010004, end_date=20231221T010008
[2023-12-21 01:00:09,032] {taskinstance.py:1220} INFO - 0 downstream tasks scheduled from follow-on schedule check
[2023-12-21 01:00:09,081] {local_task_job.py:146} INFO - Task exited with return code 0
