[2023-12-13 16:20:55,406] {scheduler_job.py:182} INFO - Started process (PID=1343) to work on /opt/airflow/dags/dag_with_python_dependencies copy.py
[2023-12-13 16:20:55,411] {scheduler_job.py:629} INFO - Processing file /opt/airflow/dags/dag_with_python_dependencies copy.py for tasks to queue
[2023-12-13 16:20:55,423] {logging_mixin.py:104} INFO - [2023-12-13 16:20:55,423] {dagbag.py:448} INFO - Filling up the DagBag from /opt/airflow/dags/dag_with_python_dependencies copy.py
[2023-12-13 16:20:55,482] {scheduler_job.py:639} INFO - DAG(s) dict_keys(['dag_with_python_dependencies_v03']) retrieved from /opt/airflow/dags/dag_with_python_dependencies copy.py
[2023-12-13 16:20:55,707] {logging_mixin.py:104} INFO - [2023-12-13 16:20:55,707] {dag.py:1818} INFO - Sync 1 DAGs
[2023-12-13 16:20:56,786] {logging_mixin.py:104} INFO - [2023-12-13 16:20:56,785] {dag.py:2273} INFO - Setting next_dagrun for dag_with_python_dependencies_v03 to 2021-10-12T00:00:00+00:00
[2023-12-13 16:20:56,844] {scheduler_job.py:190} INFO - Processing /opt/airflow/dags/dag_with_python_dependencies copy.py took 1.444 seconds
[2023-12-13 16:21:07,170] {scheduler_job.py:182} INFO - Started process (PID=1396) to work on /opt/airflow/dags/dag_with_python_dependencies copy.py
[2023-12-13 16:21:07,173] {scheduler_job.py:629} INFO - Processing file /opt/airflow/dags/dag_with_python_dependencies copy.py for tasks to queue
[2023-12-13 16:21:07,174] {logging_mixin.py:104} INFO - [2023-12-13 16:21:07,174] {dagbag.py:448} INFO - Filling up the DagBag from /opt/airflow/dags/dag_with_python_dependencies copy.py
[2023-12-13 16:21:07,201] {scheduler_job.py:639} INFO - DAG(s) dict_keys(['dag_with_python_dependencies_v03']) retrieved from /opt/airflow/dags/dag_with_python_dependencies copy.py
[2023-12-13 16:21:07,221] {logging_mixin.py:104} INFO - [2023-12-13 16:21:07,221] {dag.py:1818} INFO - Sync 1 DAGs
[2023-12-13 16:21:07,243] {logging_mixin.py:104} INFO - [2023-12-13 16:21:07,243] {dag.py:2273} INFO - Setting next_dagrun for dag_with_python_dependencies_v03 to 2021-10-12T00:00:00+00:00
[2023-12-13 16:21:07,252] {scheduler_job.py:190} INFO - Processing /opt/airflow/dags/dag_with_python_dependencies copy.py took 0.089 seconds
[2023-12-13 16:21:17,764] {scheduler_job.py:182} INFO - Started process (PID=1446) to work on /opt/airflow/dags/dag_with_python_dependencies copy.py
[2023-12-13 16:21:17,769] {scheduler_job.py:629} INFO - Processing file /opt/airflow/dags/dag_with_python_dependencies copy.py for tasks to queue
[2023-12-13 16:21:17,782] {logging_mixin.py:104} INFO - [2023-12-13 16:21:17,777] {dagbag.py:448} INFO - Filling up the DagBag from /opt/airflow/dags/dag_with_python_dependencies copy.py
[2023-12-13 16:21:17,861] {scheduler_job.py:639} INFO - DAG(s) dict_keys(['dag_with_python_dependencies_v03']) retrieved from /opt/airflow/dags/dag_with_python_dependencies copy.py
[2023-12-13 16:21:17,901] {logging_mixin.py:104} INFO - [2023-12-13 16:21:17,900] {dag.py:1818} INFO - Sync 1 DAGs
[2023-12-13 16:21:17,946] {logging_mixin.py:104} INFO - [2023-12-13 16:21:17,945] {dag.py:2273} INFO - Setting next_dagrun for dag_with_python_dependencies_v03 to 2021-10-12T00:00:00+00:00
[2023-12-13 16:21:17,978] {scheduler_job.py:190} INFO - Processing /opt/airflow/dags/dag_with_python_dependencies copy.py took 0.220 seconds
[2023-12-13 16:21:28,492] {scheduler_job.py:182} INFO - Started process (PID=1494) to work on /opt/airflow/dags/dag_with_python_dependencies copy.py
[2023-12-13 16:21:28,498] {scheduler_job.py:629} INFO - Processing file /opt/airflow/dags/dag_with_python_dependencies copy.py for tasks to queue
[2023-12-13 16:21:28,511] {logging_mixin.py:104} INFO - [2023-12-13 16:21:28,511] {dagbag.py:448} INFO - Filling up the DagBag from /opt/airflow/dags/dag_with_python_dependencies copy.py
[2023-12-13 16:21:28,566] {scheduler_job.py:639} INFO - DAG(s) dict_keys(['dag_with_python_dependencies_v03']) retrieved from /opt/airflow/dags/dag_with_python_dependencies copy.py
[2023-12-13 16:21:28,604] {logging_mixin.py:104} INFO - [2023-12-13 16:21:28,604] {dag.py:1818} INFO - Sync 1 DAGs
[2023-12-13 16:21:28,630] {logging_mixin.py:104} INFO - [2023-12-13 16:21:28,630] {dag.py:2273} INFO - Setting next_dagrun for dag_with_python_dependencies_v03 to 2021-10-12T00:00:00+00:00
[2023-12-13 16:21:28,645] {scheduler_job.py:190} INFO - Processing /opt/airflow/dags/dag_with_python_dependencies copy.py took 0.163 seconds
[2023-12-13 16:21:38,763] {scheduler_job.py:182} INFO - Started process (PID=1546) to work on /opt/airflow/dags/dag_with_python_dependencies copy.py
[2023-12-13 16:21:38,766] {scheduler_job.py:629} INFO - Processing file /opt/airflow/dags/dag_with_python_dependencies copy.py for tasks to queue
[2023-12-13 16:21:38,767] {logging_mixin.py:104} INFO - [2023-12-13 16:21:38,767] {dagbag.py:448} INFO - Filling up the DagBag from /opt/airflow/dags/dag_with_python_dependencies copy.py
[2023-12-13 16:21:38,768] {scheduler_job.py:641} WARNING - No viable dags retrieved from /opt/airflow/dags/dag_with_python_dependencies copy.py
[2023-12-13 16:21:38,769] {scheduler_job.py:190} INFO - Processing /opt/airflow/dags/dag_with_python_dependencies copy.py took 0.011 seconds
[2023-12-13 16:21:49,330] {scheduler_job.py:182} INFO - Started process (PID=1595) to work on /opt/airflow/dags/dag_with_python_dependencies copy.py
[2023-12-13 16:21:49,334] {scheduler_job.py:629} INFO - Processing file /opt/airflow/dags/dag_with_python_dependencies copy.py for tasks to queue
[2023-12-13 16:21:49,336] {logging_mixin.py:104} INFO - [2023-12-13 16:21:49,336] {dagbag.py:448} INFO - Filling up the DagBag from /opt/airflow/dags/dag_with_python_dependencies copy.py
[2023-12-13 16:21:49,340] {scheduler_job.py:641} WARNING - No viable dags retrieved from /opt/airflow/dags/dag_with_python_dependencies copy.py
[2023-12-13 16:21:49,342] {scheduler_job.py:190} INFO - Processing /opt/airflow/dags/dag_with_python_dependencies copy.py took 0.019 seconds
[2023-12-13 16:21:59,864] {scheduler_job.py:182} INFO - Started process (PID=1646) to work on /opt/airflow/dags/dag_with_python_dependencies copy.py
[2023-12-13 16:21:59,867] {scheduler_job.py:629} INFO - Processing file /opt/airflow/dags/dag_with_python_dependencies copy.py for tasks to queue
[2023-12-13 16:21:59,868] {logging_mixin.py:104} INFO - [2023-12-13 16:21:59,868] {dagbag.py:448} INFO - Filling up the DagBag from /opt/airflow/dags/dag_with_python_dependencies copy.py
[2023-12-13 16:21:59,869] {scheduler_job.py:641} WARNING - No viable dags retrieved from /opt/airflow/dags/dag_with_python_dependencies copy.py
[2023-12-13 16:21:59,870] {scheduler_job.py:190} INFO - Processing /opt/airflow/dags/dag_with_python_dependencies copy.py took 0.012 seconds
[2023-12-13 16:22:10,456] {scheduler_job.py:182} INFO - Started process (PID=1695) to work on /opt/airflow/dags/dag_with_python_dependencies copy.py
[2023-12-13 16:22:10,459] {scheduler_job.py:629} INFO - Processing file /opt/airflow/dags/dag_with_python_dependencies copy.py for tasks to queue
[2023-12-13 16:22:10,460] {logging_mixin.py:104} INFO - [2023-12-13 16:22:10,460] {dagbag.py:448} INFO - Filling up the DagBag from /opt/airflow/dags/dag_with_python_dependencies copy.py
[2023-12-13 16:22:10,463] {scheduler_job.py:641} WARNING - No viable dags retrieved from /opt/airflow/dags/dag_with_python_dependencies copy.py
[2023-12-13 16:22:10,464] {scheduler_job.py:190} INFO - Processing /opt/airflow/dags/dag_with_python_dependencies copy.py took 0.014 seconds
[2023-12-13 16:22:21,073] {scheduler_job.py:182} INFO - Started process (PID=1746) to work on /opt/airflow/dags/dag_with_python_dependencies copy.py
[2023-12-13 16:22:21,077] {scheduler_job.py:629} INFO - Processing file /opt/airflow/dags/dag_with_python_dependencies copy.py for tasks to queue
[2023-12-13 16:22:21,080] {logging_mixin.py:104} INFO - [2023-12-13 16:22:21,080] {dagbag.py:448} INFO - Filling up the DagBag from /opt/airflow/dags/dag_with_python_dependencies copy.py
[2023-12-13 16:22:21,082] {scheduler_job.py:641} WARNING - No viable dags retrieved from /opt/airflow/dags/dag_with_python_dependencies copy.py
[2023-12-13 16:22:21,083] {scheduler_job.py:190} INFO - Processing /opt/airflow/dags/dag_with_python_dependencies copy.py took 0.016 seconds
[2023-12-13 16:22:31,746] {scheduler_job.py:182} INFO - Started process (PID=1796) to work on /opt/airflow/dags/dag_with_python_dependencies copy.py
[2023-12-13 16:22:31,747] {scheduler_job.py:629} INFO - Processing file /opt/airflow/dags/dag_with_python_dependencies copy.py for tasks to queue
[2023-12-13 16:22:31,753] {logging_mixin.py:104} INFO - [2023-12-13 16:22:31,753] {dagbag.py:448} INFO - Filling up the DagBag from /opt/airflow/dags/dag_with_python_dependencies copy.py
[2023-12-13 16:22:31,754] {scheduler_job.py:641} WARNING - No viable dags retrieved from /opt/airflow/dags/dag_with_python_dependencies copy.py
[2023-12-13 16:22:31,754] {scheduler_job.py:190} INFO - Processing /opt/airflow/dags/dag_with_python_dependencies copy.py took 0.013 seconds
[2023-12-13 16:22:42,424] {scheduler_job.py:182} INFO - Started process (PID=1846) to work on /opt/airflow/dags/dag_with_python_dependencies copy.py
[2023-12-13 16:22:42,466] {scheduler_job.py:629} INFO - Processing file /opt/airflow/dags/dag_with_python_dependencies copy.py for tasks to queue
[2023-12-13 16:22:42,471] {logging_mixin.py:104} INFO - [2023-12-13 16:22:42,470] {dagbag.py:448} INFO - Filling up the DagBag from /opt/airflow/dags/dag_with_python_dependencies copy.py
[2023-12-13 16:22:42,473] {scheduler_job.py:641} WARNING - No viable dags retrieved from /opt/airflow/dags/dag_with_python_dependencies copy.py
[2023-12-13 16:22:42,479] {scheduler_job.py:190} INFO - Processing /opt/airflow/dags/dag_with_python_dependencies copy.py took 0.068 seconds
[2023-12-13 16:22:53,188] {scheduler_job.py:182} INFO - Started process (PID=1896) to work on /opt/airflow/dags/dag_with_python_dependencies copy.py
[2023-12-13 16:22:53,195] {scheduler_job.py:629} INFO - Processing file /opt/airflow/dags/dag_with_python_dependencies copy.py for tasks to queue
[2023-12-13 16:22:53,197] {logging_mixin.py:104} INFO - [2023-12-13 16:22:53,196] {dagbag.py:448} INFO - Filling up the DagBag from /opt/airflow/dags/dag_with_python_dependencies copy.py
[2023-12-13 16:22:53,197] {scheduler_job.py:641} WARNING - No viable dags retrieved from /opt/airflow/dags/dag_with_python_dependencies copy.py
[2023-12-13 16:22:53,198] {scheduler_job.py:190} INFO - Processing /opt/airflow/dags/dag_with_python_dependencies copy.py took 0.014 seconds
[2023-12-13 16:23:03,453] {scheduler_job.py:182} INFO - Started process (PID=1946) to work on /opt/airflow/dags/dag_with_python_dependencies copy.py
[2023-12-13 16:23:03,458] {scheduler_job.py:629} INFO - Processing file /opt/airflow/dags/dag_with_python_dependencies copy.py for tasks to queue
[2023-12-13 16:23:03,462] {logging_mixin.py:104} INFO - [2023-12-13 16:23:03,459] {dagbag.py:448} INFO - Filling up the DagBag from /opt/airflow/dags/dag_with_python_dependencies copy.py
[2023-12-13 16:23:03,463] {scheduler_job.py:641} WARNING - No viable dags retrieved from /opt/airflow/dags/dag_with_python_dependencies copy.py
[2023-12-13 16:23:03,465] {scheduler_job.py:190} INFO - Processing /opt/airflow/dags/dag_with_python_dependencies copy.py took 0.026 seconds
[2023-12-13 16:23:13,703] {scheduler_job.py:182} INFO - Started process (PID=1991) to work on /opt/airflow/dags/dag_with_python_dependencies copy.py
[2023-12-13 16:23:13,705] {scheduler_job.py:629} INFO - Processing file /opt/airflow/dags/dag_with_python_dependencies copy.py for tasks to queue
[2023-12-13 16:23:13,707] {logging_mixin.py:104} INFO - [2023-12-13 16:23:13,707] {dagbag.py:448} INFO - Filling up the DagBag from /opt/airflow/dags/dag_with_python_dependencies copy.py
[2023-12-13 16:23:13,708] {scheduler_job.py:641} WARNING - No viable dags retrieved from /opt/airflow/dags/dag_with_python_dependencies copy.py
[2023-12-13 16:23:13,709] {scheduler_job.py:190} INFO - Processing /opt/airflow/dags/dag_with_python_dependencies copy.py took 0.011 seconds
[2023-12-13 16:23:24,701] {scheduler_job.py:182} INFO - Started process (PID=2041) to work on /opt/airflow/dags/dag_with_python_dependencies copy.py
[2023-12-13 16:23:24,702] {scheduler_job.py:629} INFO - Processing file /opt/airflow/dags/dag_with_python_dependencies copy.py for tasks to queue
[2023-12-13 16:23:24,703] {logging_mixin.py:104} INFO - [2023-12-13 16:23:24,703] {dagbag.py:448} INFO - Filling up the DagBag from /opt/airflow/dags/dag_with_python_dependencies copy.py
[2023-12-13 16:23:24,706] {scheduler_job.py:641} WARNING - No viable dags retrieved from /opt/airflow/dags/dag_with_python_dependencies copy.py
[2023-12-13 16:23:24,707] {scheduler_job.py:190} INFO - Processing /opt/airflow/dags/dag_with_python_dependencies copy.py took 0.016 seconds
[2023-12-13 16:23:35,173] {scheduler_job.py:182} INFO - Started process (PID=2091) to work on /opt/airflow/dags/dag_with_python_dependencies copy.py
[2023-12-13 16:23:35,176] {scheduler_job.py:629} INFO - Processing file /opt/airflow/dags/dag_with_python_dependencies copy.py for tasks to queue
[2023-12-13 16:23:35,186] {logging_mixin.py:104} INFO - [2023-12-13 16:23:35,186] {dagbag.py:448} INFO - Filling up the DagBag from /opt/airflow/dags/dag_with_python_dependencies copy.py
[2023-12-13 16:23:35,206] {scheduler_job.py:641} WARNING - No viable dags retrieved from /opt/airflow/dags/dag_with_python_dependencies copy.py
[2023-12-13 16:23:35,211] {scheduler_job.py:190} INFO - Processing /opt/airflow/dags/dag_with_python_dependencies copy.py took 0.042 seconds
[2023-12-13 16:23:45,933] {scheduler_job.py:182} INFO - Started process (PID=2141) to work on /opt/airflow/dags/dag_with_python_dependencies copy.py
[2023-12-13 16:23:45,935] {scheduler_job.py:629} INFO - Processing file /opt/airflow/dags/dag_with_python_dependencies copy.py for tasks to queue
[2023-12-13 16:23:45,937] {logging_mixin.py:104} INFO - [2023-12-13 16:23:45,937] {dagbag.py:448} INFO - Filling up the DagBag from /opt/airflow/dags/dag_with_python_dependencies copy.py
[2023-12-13 16:23:45,938] {scheduler_job.py:641} WARNING - No viable dags retrieved from /opt/airflow/dags/dag_with_python_dependencies copy.py
[2023-12-13 16:23:45,939] {scheduler_job.py:190} INFO - Processing /opt/airflow/dags/dag_with_python_dependencies copy.py took 0.012 seconds
[2023-12-13 16:23:56,982] {scheduler_job.py:182} INFO - Started process (PID=2191) to work on /opt/airflow/dags/dag_with_python_dependencies copy.py
[2023-12-13 16:23:56,986] {scheduler_job.py:629} INFO - Processing file /opt/airflow/dags/dag_with_python_dependencies copy.py for tasks to queue
[2023-12-13 16:23:56,988] {logging_mixin.py:104} INFO - [2023-12-13 16:23:56,987] {dagbag.py:448} INFO - Filling up the DagBag from /opt/airflow/dags/dag_with_python_dependencies copy.py
[2023-12-13 16:23:56,989] {scheduler_job.py:641} WARNING - No viable dags retrieved from /opt/airflow/dags/dag_with_python_dependencies copy.py
[2023-12-13 16:23:56,991] {scheduler_job.py:190} INFO - Processing /opt/airflow/dags/dag_with_python_dependencies copy.py took 0.013 seconds
[2023-12-13 16:24:07,612] {scheduler_job.py:182} INFO - Started process (PID=2241) to work on /opt/airflow/dags/dag_with_python_dependencies copy.py
[2023-12-13 16:24:07,614] {scheduler_job.py:629} INFO - Processing file /opt/airflow/dags/dag_with_python_dependencies copy.py for tasks to queue
[2023-12-13 16:24:07,615] {logging_mixin.py:104} INFO - [2023-12-13 16:24:07,615] {dagbag.py:448} INFO - Filling up the DagBag from /opt/airflow/dags/dag_with_python_dependencies copy.py
[2023-12-13 16:24:07,616] {scheduler_job.py:641} WARNING - No viable dags retrieved from /opt/airflow/dags/dag_with_python_dependencies copy.py
[2023-12-13 16:24:07,616] {scheduler_job.py:190} INFO - Processing /opt/airflow/dags/dag_with_python_dependencies copy.py took 0.009 seconds
[2023-12-13 16:24:18,476] {scheduler_job.py:182} INFO - Started process (PID=2291) to work on /opt/airflow/dags/dag_with_python_dependencies copy.py
[2023-12-13 16:24:18,478] {scheduler_job.py:629} INFO - Processing file /opt/airflow/dags/dag_with_python_dependencies copy.py for tasks to queue
[2023-12-13 16:24:18,479] {logging_mixin.py:104} INFO - [2023-12-13 16:24:18,479] {dagbag.py:448} INFO - Filling up the DagBag from /opt/airflow/dags/dag_with_python_dependencies copy.py
[2023-12-13 16:24:18,480] {scheduler_job.py:641} WARNING - No viable dags retrieved from /opt/airflow/dags/dag_with_python_dependencies copy.py
[2023-12-13 16:24:18,481] {scheduler_job.py:190} INFO - Processing /opt/airflow/dags/dag_with_python_dependencies copy.py took 0.010 seconds
[2023-12-13 16:24:29,116] {scheduler_job.py:182} INFO - Started process (PID=2341) to work on /opt/airflow/dags/dag_with_python_dependencies copy.py
[2023-12-13 16:24:29,120] {scheduler_job.py:629} INFO - Processing file /opt/airflow/dags/dag_with_python_dependencies copy.py for tasks to queue
[2023-12-13 16:24:29,121] {logging_mixin.py:104} INFO - [2023-12-13 16:24:29,121] {dagbag.py:448} INFO - Filling up the DagBag from /opt/airflow/dags/dag_with_python_dependencies copy.py
[2023-12-13 16:24:29,121] {scheduler_job.py:641} WARNING - No viable dags retrieved from /opt/airflow/dags/dag_with_python_dependencies copy.py
[2023-12-13 16:24:29,122] {scheduler_job.py:190} INFO - Processing /opt/airflow/dags/dag_with_python_dependencies copy.py took 0.010 seconds
[2023-12-13 16:24:39,487] {scheduler_job.py:182} INFO - Started process (PID=2391) to work on /opt/airflow/dags/dag_with_python_dependencies copy.py
[2023-12-13 16:24:39,490] {scheduler_job.py:629} INFO - Processing file /opt/airflow/dags/dag_with_python_dependencies copy.py for tasks to queue
[2023-12-13 16:24:39,491] {logging_mixin.py:104} INFO - [2023-12-13 16:24:39,491] {dagbag.py:448} INFO - Filling up the DagBag from /opt/airflow/dags/dag_with_python_dependencies copy.py
[2023-12-13 16:24:39,492] {scheduler_job.py:641} WARNING - No viable dags retrieved from /opt/airflow/dags/dag_with_python_dependencies copy.py
[2023-12-13 16:24:39,493] {scheduler_job.py:190} INFO - Processing /opt/airflow/dags/dag_with_python_dependencies copy.py took 0.010 seconds
[2023-12-13 16:24:50,141] {scheduler_job.py:182} INFO - Started process (PID=2441) to work on /opt/airflow/dags/dag_with_python_dependencies copy.py
[2023-12-13 16:24:50,143] {scheduler_job.py:629} INFO - Processing file /opt/airflow/dags/dag_with_python_dependencies copy.py for tasks to queue
[2023-12-13 16:24:50,145] {logging_mixin.py:104} INFO - [2023-12-13 16:24:50,145] {dagbag.py:448} INFO - Filling up the DagBag from /opt/airflow/dags/dag_with_python_dependencies copy.py
[2023-12-13 16:24:50,146] {scheduler_job.py:641} WARNING - No viable dags retrieved from /opt/airflow/dags/dag_with_python_dependencies copy.py
[2023-12-13 16:24:50,147] {scheduler_job.py:190} INFO - Processing /opt/airflow/dags/dag_with_python_dependencies copy.py took 0.010 seconds
[2023-12-13 16:25:00,999] {scheduler_job.py:182} INFO - Started process (PID=2491) to work on /opt/airflow/dags/dag_with_python_dependencies copy.py
[2023-12-13 16:25:01,001] {scheduler_job.py:629} INFO - Processing file /opt/airflow/dags/dag_with_python_dependencies copy.py for tasks to queue
[2023-12-13 16:25:01,002] {logging_mixin.py:104} INFO - [2023-12-13 16:25:01,002] {dagbag.py:448} INFO - Filling up the DagBag from /opt/airflow/dags/dag_with_python_dependencies copy.py
[2023-12-13 16:25:01,004] {scheduler_job.py:641} WARNING - No viable dags retrieved from /opt/airflow/dags/dag_with_python_dependencies copy.py
[2023-12-13 16:25:01,005] {scheduler_job.py:190} INFO - Processing /opt/airflow/dags/dag_with_python_dependencies copy.py took 0.010 seconds
[2023-12-13 16:25:11,844] {scheduler_job.py:182} INFO - Started process (PID=2541) to work on /opt/airflow/dags/dag_with_python_dependencies copy.py
[2023-12-13 16:25:11,846] {scheduler_job.py:629} INFO - Processing file /opt/airflow/dags/dag_with_python_dependencies copy.py for tasks to queue
[2023-12-13 16:25:11,848] {logging_mixin.py:104} INFO - [2023-12-13 16:25:11,847] {dagbag.py:448} INFO - Filling up the DagBag from /opt/airflow/dags/dag_with_python_dependencies copy.py
[2023-12-13 16:25:11,850] {scheduler_job.py:641} WARNING - No viable dags retrieved from /opt/airflow/dags/dag_with_python_dependencies copy.py
[2023-12-13 16:25:11,851] {scheduler_job.py:190} INFO - Processing /opt/airflow/dags/dag_with_python_dependencies copy.py took 0.012 seconds
[2023-12-13 16:25:22,673] {scheduler_job.py:182} INFO - Started process (PID=2591) to work on /opt/airflow/dags/dag_with_python_dependencies copy.py
[2023-12-13 16:25:22,676] {scheduler_job.py:629} INFO - Processing file /opt/airflow/dags/dag_with_python_dependencies copy.py for tasks to queue
[2023-12-13 16:25:22,677] {logging_mixin.py:104} INFO - [2023-12-13 16:25:22,677] {dagbag.py:448} INFO - Filling up the DagBag from /opt/airflow/dags/dag_with_python_dependencies copy.py
[2023-12-13 16:25:22,679] {scheduler_job.py:641} WARNING - No viable dags retrieved from /opt/airflow/dags/dag_with_python_dependencies copy.py
[2023-12-13 16:25:22,681] {scheduler_job.py:190} INFO - Processing /opt/airflow/dags/dag_with_python_dependencies copy.py took 0.013 seconds
[2023-12-13 16:25:33,409] {scheduler_job.py:182} INFO - Started process (PID=2641) to work on /opt/airflow/dags/dag_with_python_dependencies copy.py
[2023-12-13 16:25:33,413] {scheduler_job.py:629} INFO - Processing file /opt/airflow/dags/dag_with_python_dependencies copy.py for tasks to queue
[2023-12-13 16:25:33,417] {logging_mixin.py:104} INFO - [2023-12-13 16:25:33,417] {dagbag.py:448} INFO - Filling up the DagBag from /opt/airflow/dags/dag_with_python_dependencies copy.py
[2023-12-13 16:25:33,418] {scheduler_job.py:641} WARNING - No viable dags retrieved from /opt/airflow/dags/dag_with_python_dependencies copy.py
[2023-12-13 16:25:33,419] {scheduler_job.py:190} INFO - Processing /opt/airflow/dags/dag_with_python_dependencies copy.py took 0.014 seconds
[2023-12-13 16:25:43,630] {scheduler_job.py:182} INFO - Started process (PID=2686) to work on /opt/airflow/dags/dag_with_python_dependencies copy.py
[2023-12-13 16:25:43,633] {scheduler_job.py:629} INFO - Processing file /opt/airflow/dags/dag_with_python_dependencies copy.py for tasks to queue
[2023-12-13 16:25:43,636] {logging_mixin.py:104} INFO - [2023-12-13 16:25:43,636] {dagbag.py:448} INFO - Filling up the DagBag from /opt/airflow/dags/dag_with_python_dependencies copy.py
[2023-12-13 16:25:43,637] {scheduler_job.py:641} WARNING - No viable dags retrieved from /opt/airflow/dags/dag_with_python_dependencies copy.py
[2023-12-13 16:25:43,638] {scheduler_job.py:190} INFO - Processing /opt/airflow/dags/dag_with_python_dependencies copy.py took 0.011 seconds
[2023-12-13 16:25:54,460] {scheduler_job.py:182} INFO - Started process (PID=2734) to work on /opt/airflow/dags/dag_with_python_dependencies copy.py
[2023-12-13 16:25:54,464] {scheduler_job.py:629} INFO - Processing file /opt/airflow/dags/dag_with_python_dependencies copy.py for tasks to queue
[2023-12-13 16:25:54,465] {logging_mixin.py:104} INFO - [2023-12-13 16:25:54,465] {dagbag.py:448} INFO - Filling up the DagBag from /opt/airflow/dags/dag_with_python_dependencies copy.py
[2023-12-13 16:25:54,467] {scheduler_job.py:641} WARNING - No viable dags retrieved from /opt/airflow/dags/dag_with_python_dependencies copy.py
[2023-12-13 16:25:54,468] {scheduler_job.py:190} INFO - Processing /opt/airflow/dags/dag_with_python_dependencies copy.py took 0.014 seconds
