[2023-12-20 13:00:02,901] {taskinstance.py:851} INFO - Dependencies all met for <TaskInstance: dag_with_python_weather_v01.fill 2023-12-20T12:00:00+00:00 [queued]>
[2023-12-20 13:00:02,933] {taskinstance.py:851} INFO - Dependencies all met for <TaskInstance: dag_with_python_weather_v01.fill 2023-12-20T12:00:00+00:00 [queued]>
[2023-12-20 13:00:02,934] {taskinstance.py:1042} INFO - 
--------------------------------------------------------------------------------
[2023-12-20 13:00:02,935] {taskinstance.py:1043} INFO - Starting attempt 1 of 1
[2023-12-20 13:00:02,935] {taskinstance.py:1044} INFO - 
--------------------------------------------------------------------------------
[2023-12-20 13:00:02,962] {taskinstance.py:1063} INFO - Executing <Task(PythonOperator): fill> on 2023-12-20T12:00:00+00:00
[2023-12-20 13:00:02,972] {standard_task_runner.py:52} INFO - Started process 29397 to run task
[2023-12-20 13:00:02,983] {standard_task_runner.py:76} INFO - Running: ['airflow', 'tasks', 'run', 'dag_with_python_weather_v01', 'fill', '2023-12-20T12:00:00+00:00', '--job-id', '199', '--pool', 'default_pool', '--raw', '--subdir', 'DAGS_FOLDER/dag_with_python_weather.py', '--cfg-path', '/tmp/tmp2fwtlf6l', '--error-file', '/tmp/tmp5iz35nzb']
[2023-12-20 13:00:02,990] {standard_task_runner.py:77} INFO - Job 199: Subtask fill
[2023-12-20 13:00:03,058] {logging_mixin.py:104} INFO - Running <TaskInstance: dag_with_python_weather_v01.fill 2023-12-20T12:00:00+00:00 [running]> on host 5f3722f1fc3b
[2023-12-20 13:00:03,122] {taskinstance.py:1257} INFO - Exporting the following env vars:
AIRFLOW_CTX_DAG_OWNER=ggoni
AIRFLOW_CTX_DAG_ID=dag_with_python_weather_v01
AIRFLOW_CTX_TASK_ID=fill
AIRFLOW_CTX_EXECUTION_DATE=2023-12-20T12:00:00+00:00
AIRFLOW_CTX_DAG_RUN_ID=scheduled__2023-12-20T12:00:00+00:00
[2023-12-20 13:00:05,846] {python.py:118} INFO - Done. Returned value was: None
[2023-12-20 13:00:05,866] {taskinstance.py:1166} INFO - Marking task as SUCCESS. dag_id=dag_with_python_weather_v01, task_id=fill, execution_date=20231220T120000, start_date=20231220T130002, end_date=20231220T130005
[2023-12-20 13:00:05,907] {taskinstance.py:1220} INFO - 0 downstream tasks scheduled from follow-on schedule check
[2023-12-20 13:00:05,954] {local_task_job.py:146} INFO - Task exited with return code 0
