[2023-12-14 23:00:00,855] {taskinstance.py:851} INFO - Dependencies all met for <TaskInstance: dag_with_python_weather_v01.fill 2023-12-14T22:00:00+00:00 [queued]>
[2023-12-14 23:00:00,871] {taskinstance.py:851} INFO - Dependencies all met for <TaskInstance: dag_with_python_weather_v01.fill 2023-12-14T22:00:00+00:00 [queued]>
[2023-12-14 23:00:00,872] {taskinstance.py:1042} INFO - 
--------------------------------------------------------------------------------
[2023-12-14 23:00:00,872] {taskinstance.py:1043} INFO - Starting attempt 1 of 1
[2023-12-14 23:00:00,872] {taskinstance.py:1044} INFO - 
--------------------------------------------------------------------------------
[2023-12-14 23:00:00,881] {taskinstance.py:1063} INFO - Executing <Task(PythonOperator): fill> on 2023-12-14T22:00:00+00:00
[2023-12-14 23:00:00,885] {standard_task_runner.py:52} INFO - Started process 62326 to run task
[2023-12-14 23:00:00,889] {standard_task_runner.py:76} INFO - Running: ['airflow', 'tasks', 'run', 'dag_with_python_weather_v01', 'fill', '2023-12-14T22:00:00+00:00', '--job-id', '65', '--pool', 'default_pool', '--raw', '--subdir', 'DAGS_FOLDER/dag_with_python_weather.py', '--cfg-path', '/tmp/tmpffls2ggv', '--error-file', '/tmp/tmpq1r_g09g']
[2023-12-14 23:00:00,892] {standard_task_runner.py:77} INFO - Job 65: Subtask fill
[2023-12-14 23:00:00,939] {logging_mixin.py:104} INFO - Running <TaskInstance: dag_with_python_weather_v01.fill 2023-12-14T22:00:00+00:00 [running]> on host 5f3722f1fc3b
[2023-12-14 23:00:00,989] {taskinstance.py:1257} INFO - Exporting the following env vars:
AIRFLOW_CTX_DAG_OWNER=ggoni
AIRFLOW_CTX_DAG_ID=dag_with_python_weather_v01
AIRFLOW_CTX_TASK_ID=fill
AIRFLOW_CTX_EXECUTION_DATE=2023-12-14T22:00:00+00:00
AIRFLOW_CTX_DAG_RUN_ID=scheduled__2023-12-14T22:00:00+00:00
[2023-12-14 23:00:04,067] {python.py:118} INFO - Done. Returned value was: None
[2023-12-14 23:00:04,082] {taskinstance.py:1166} INFO - Marking task as SUCCESS. dag_id=dag_with_python_weather_v01, task_id=fill, execution_date=20231214T220000, start_date=20231214T230000, end_date=20231214T230004
[2023-12-14 23:00:04,111] {taskinstance.py:1220} INFO - 0 downstream tasks scheduled from follow-on schedule check
[2023-12-14 23:00:04,140] {local_task_job.py:146} INFO - Task exited with return code 0
