[2023-12-13 16:33:26,686] {taskinstance.py:851} INFO - Dependencies all met for <TaskInstance: dag_with_python_weather_v01.fill 2023-12-13T01:00:00+00:00 [queued]>
[2023-12-13 16:33:27,051] {taskinstance.py:851} INFO - Dependencies all met for <TaskInstance: dag_with_python_weather_v01.fill 2023-12-13T01:00:00+00:00 [queued]>
[2023-12-13 16:33:27,055] {taskinstance.py:1042} INFO - 
--------------------------------------------------------------------------------
[2023-12-13 16:33:27,057] {taskinstance.py:1043} INFO - Starting attempt 1 of 1
[2023-12-13 16:33:27,058] {taskinstance.py:1044} INFO - 
--------------------------------------------------------------------------------
[2023-12-13 16:33:27,188] {taskinstance.py:1063} INFO - Executing <Task(PythonOperator): fill> on 2023-12-13T01:00:00+00:00
[2023-12-13 16:33:27,270] {standard_task_runner.py:52} INFO - Started process 4899 to run task
[2023-12-13 16:33:27,281] {standard_task_runner.py:76} INFO - Running: ['airflow', 'tasks', 'run', 'dag_with_python_weather_v01', 'fill', '2023-12-13T01:00:00+00:00', '--job-id', '120', '--pool', 'default_pool', '--raw', '--subdir', 'DAGS_FOLDER/dag_with_python_weather.py', '--cfg-path', '/tmp/tmp53ucgizb', '--error-file', '/tmp/tmpay_wpygg']
[2023-12-13 16:33:27,297] {standard_task_runner.py:77} INFO - Job 120: Subtask fill
[2023-12-13 16:33:27,800] {logging_mixin.py:104} INFO - Running <TaskInstance: dag_with_python_weather_v01.fill 2023-12-13T01:00:00+00:00 [running]> on host 40570a32c2c3
[2023-12-13 16:33:29,283] {taskinstance.py:1257} INFO - Exporting the following env vars:
AIRFLOW_CTX_DAG_OWNER=ggoni
AIRFLOW_CTX_DAG_ID=dag_with_python_weather_v01
AIRFLOW_CTX_TASK_ID=fill
AIRFLOW_CTX_EXECUTION_DATE=2023-12-13T01:00:00+00:00
AIRFLOW_CTX_DAG_RUN_ID=scheduled__2023-12-13T01:00:00+00:00
[2023-12-13 16:33:29,291] {taskinstance.py:1455} ERROR - name 'locations' is not defined
Traceback (most recent call last):
  File "/home/airflow/.local/lib/python3.6/site-packages/airflow/models/taskinstance.py", line 1112, in _run_raw_task
    self._prepare_and_execute_task_with_callbacks(context, task)
  File "/home/airflow/.local/lib/python3.6/site-packages/airflow/models/taskinstance.py", line 1285, in _prepare_and_execute_task_with_callbacks
    result = self._execute_task(context, task_copy)
  File "/home/airflow/.local/lib/python3.6/site-packages/airflow/models/taskinstance.py", line 1315, in _execute_task
    result = task_copy.execute(context=context)
  File "/home/airflow/.local/lib/python3.6/site-packages/airflow/operators/python.py", line 117, in execute
    return_value = self.execute_callable()
  File "/home/airflow/.local/lib/python3.6/site-packages/airflow/operators/python.py", line 128, in execute_callable
    return self.python_callable(*self.op_args, **self.op_kwargs)
  File "/opt/airflow/dags/dag_with_python_weather.py", line 74, in fill
    for location in locations:
NameError: name 'locations' is not defined
[2023-12-13 16:33:29,321] {taskinstance.py:1503} INFO - Marking task as FAILED. dag_id=dag_with_python_weather_v01, task_id=fill, execution_date=20231213T010000, start_date=20231213T163326, end_date=20231213T163329
[2023-12-13 16:33:29,491] {local_task_job.py:146} INFO - Task exited with return code 1
[2023-12-13 19:04:42,085] {taskinstance.py:851} INFO - Dependencies all met for <TaskInstance: dag_with_python_weather_v01.fill 2023-12-13T01:00:00+00:00 [queued]>
[2023-12-13 19:04:42,113] {taskinstance.py:851} INFO - Dependencies all met for <TaskInstance: dag_with_python_weather_v01.fill 2023-12-13T01:00:00+00:00 [queued]>
[2023-12-13 19:04:42,114] {taskinstance.py:1042} INFO - 
--------------------------------------------------------------------------------
[2023-12-13 19:04:42,114] {taskinstance.py:1043} INFO - Starting attempt 1 of 1
[2023-12-13 19:04:42,115] {taskinstance.py:1044} INFO - 
--------------------------------------------------------------------------------
[2023-12-13 19:04:42,130] {taskinstance.py:1063} INFO - Executing <Task(PythonOperator): fill> on 2023-12-13T01:00:00+00:00
[2023-12-13 19:04:42,136] {standard_task_runner.py:52} INFO - Started process 622 to run task
[2023-12-13 19:04:42,142] {standard_task_runner.py:76} INFO - Running: ['airflow', 'tasks', 'run', 'dag_with_python_weather_v01', 'fill', '2023-12-13T01:00:00+00:00', '--job-id', '2', '--pool', 'default_pool', '--raw', '--subdir', 'DAGS_FOLDER/dag_with_python_weather.py', '--cfg-path', '/tmp/tmpljzzggw7', '--error-file', '/tmp/tmplfxwzzmn']
[2023-12-13 19:04:42,148] {standard_task_runner.py:77} INFO - Job 2: Subtask fill
[2023-12-13 19:04:42,297] {logging_mixin.py:104} INFO - Running <TaskInstance: dag_with_python_weather_v01.fill 2023-12-13T01:00:00+00:00 [running]> on host 21326130d467
[2023-12-13 19:04:42,458] {taskinstance.py:1257} INFO - Exporting the following env vars:
AIRFLOW_CTX_DAG_OWNER=ggoni
AIRFLOW_CTX_DAG_ID=dag_with_python_weather_v01
AIRFLOW_CTX_TASK_ID=fill
AIRFLOW_CTX_EXECUTION_DATE=2023-12-13T01:00:00+00:00
AIRFLOW_CTX_DAG_RUN_ID=scheduled__2023-12-13T01:00:00+00:00
[2023-12-13 19:04:43,663] {python.py:118} INFO - Done. Returned value was: None
[2023-12-13 19:04:43,702] {taskinstance.py:1166} INFO - Marking task as SUCCESS. dag_id=dag_with_python_weather_v01, task_id=fill, execution_date=20231213T010000, start_date=20231213T190442, end_date=20231213T190443
[2023-12-13 19:04:43,841] {taskinstance.py:1220} INFO - 0 downstream tasks scheduled from follow-on schedule check
[2023-12-13 19:04:43,911] {local_task_job.py:146} INFO - Task exited with return code 0
