[2023-12-13 16:33:30,761] {taskinstance.py:851} INFO - Dependencies all met for <TaskInstance: dag_with_python_weather_v01.fill 2023-12-13T05:00:00+00:00 [queued]>
[2023-12-13 16:33:30,859] {taskinstance.py:851} INFO - Dependencies all met for <TaskInstance: dag_with_python_weather_v01.fill 2023-12-13T05:00:00+00:00 [queued]>
[2023-12-13 16:33:30,871] {taskinstance.py:1042} INFO - 
--------------------------------------------------------------------------------
[2023-12-13 16:33:30,873] {taskinstance.py:1043} INFO - Starting attempt 1 of 1
[2023-12-13 16:33:30,876] {taskinstance.py:1044} INFO - 
--------------------------------------------------------------------------------
[2023-12-13 16:33:31,032] {taskinstance.py:1063} INFO - Executing <Task(PythonOperator): fill> on 2023-12-13T05:00:00+00:00
[2023-12-13 16:33:31,059] {standard_task_runner.py:52} INFO - Started process 4919 to run task
[2023-12-13 16:33:31,141] {standard_task_runner.py:76} INFO - Running: ['airflow', 'tasks', 'run', 'dag_with_python_weather_v01', 'fill', '2023-12-13T05:00:00+00:00', '--job-id', '124', '--pool', 'default_pool', '--raw', '--subdir', 'DAGS_FOLDER/dag_with_python_weather.py', '--cfg-path', '/tmp/tmpn0vob92q', '--error-file', '/tmp/tmphybfo9k6']
[2023-12-13 16:33:31,180] {standard_task_runner.py:77} INFO - Job 124: Subtask fill
[2023-12-13 16:33:31,553] {logging_mixin.py:104} INFO - Running <TaskInstance: dag_with_python_weather_v01.fill 2023-12-13T05:00:00+00:00 [running]> on host 40570a32c2c3
[2023-12-13 16:33:31,859] {taskinstance.py:1257} INFO - Exporting the following env vars:
AIRFLOW_CTX_DAG_OWNER=ggoni
AIRFLOW_CTX_DAG_ID=dag_with_python_weather_v01
AIRFLOW_CTX_TASK_ID=fill
AIRFLOW_CTX_EXECUTION_DATE=2023-12-13T05:00:00+00:00
AIRFLOW_CTX_DAG_RUN_ID=scheduled__2023-12-13T05:00:00+00:00
[2023-12-13 16:33:31,861] {taskinstance.py:1455} ERROR - name 'locations' is not defined
Traceback (most recent call last):
  File "/home/airflow/.local/lib/python3.6/site-packages/airflow/models/taskinstance.py", line 1112, in _run_raw_task
    self._prepare_and_execute_task_with_callbacks(context, task)
  File "/home/airflow/.local/lib/python3.6/site-packages/airflow/models/taskinstance.py", line 1285, in _prepare_and_execute_task_with_callbacks
    result = self._execute_task(context, task_copy)
  File "/home/airflow/.local/lib/python3.6/site-packages/airflow/models/taskinstance.py", line 1315, in _execute_task
    result = task_copy.execute(context=context)
  File "/home/airflow/.local/lib/python3.6/site-packages/airflow/operators/python.py", line 117, in execute
    return_value = self.execute_callable()
  File "/home/airflow/.local/lib/python3.6/site-packages/airflow/operators/python.py", line 128, in execute_callable
    return self.python_callable(*self.op_args, **self.op_kwargs)
  File "/opt/airflow/dags/dag_with_python_weather.py", line 74, in fill
    for location in locations:
NameError: name 'locations' is not defined
[2023-12-13 16:33:31,868] {taskinstance.py:1503} INFO - Marking task as FAILED. dag_id=dag_with_python_weather_v01, task_id=fill, execution_date=20231213T050000, start_date=20231213T163330, end_date=20231213T163331
[2023-12-13 16:33:31,975] {local_task_job.py:146} INFO - Task exited with return code 1
[2023-12-13 19:04:42,611] {taskinstance.py:851} INFO - Dependencies all met for <TaskInstance: dag_with_python_weather_v01.fill 2023-12-13T05:00:00+00:00 [queued]>
[2023-12-13 19:04:42,648] {taskinstance.py:851} INFO - Dependencies all met for <TaskInstance: dag_with_python_weather_v01.fill 2023-12-13T05:00:00+00:00 [queued]>
[2023-12-13 19:04:42,649] {taskinstance.py:1042} INFO - 
--------------------------------------------------------------------------------
[2023-12-13 19:04:42,649] {taskinstance.py:1043} INFO - Starting attempt 1 of 1
[2023-12-13 19:04:42,650] {taskinstance.py:1044} INFO - 
--------------------------------------------------------------------------------
[2023-12-13 19:04:42,669] {taskinstance.py:1063} INFO - Executing <Task(PythonOperator): fill> on 2023-12-13T05:00:00+00:00
[2023-12-13 19:04:42,677] {standard_task_runner.py:52} INFO - Started process 640 to run task
[2023-12-13 19:04:42,689] {standard_task_runner.py:76} INFO - Running: ['airflow', 'tasks', 'run', 'dag_with_python_weather_v01', 'fill', '2023-12-13T05:00:00+00:00', '--job-id', '7', '--pool', 'default_pool', '--raw', '--subdir', 'DAGS_FOLDER/dag_with_python_weather.py', '--cfg-path', '/tmp/tmpsles0ar4', '--error-file', '/tmp/tmpaksw_bdh']
[2023-12-13 19:04:42,695] {standard_task_runner.py:77} INFO - Job 7: Subtask fill
[2023-12-13 19:04:42,803] {logging_mixin.py:104} INFO - Running <TaskInstance: dag_with_python_weather_v01.fill 2023-12-13T05:00:00+00:00 [running]> on host 21326130d467
[2023-12-13 19:04:42,918] {taskinstance.py:1257} INFO - Exporting the following env vars:
AIRFLOW_CTX_DAG_OWNER=ggoni
AIRFLOW_CTX_DAG_ID=dag_with_python_weather_v01
AIRFLOW_CTX_TASK_ID=fill
AIRFLOW_CTX_EXECUTION_DATE=2023-12-13T05:00:00+00:00
AIRFLOW_CTX_DAG_RUN_ID=scheduled__2023-12-13T05:00:00+00:00
[2023-12-13 19:04:43,699] {python.py:118} INFO - Done. Returned value was: None
[2023-12-13 19:04:43,743] {taskinstance.py:1166} INFO - Marking task as SUCCESS. dag_id=dag_with_python_weather_v01, task_id=fill, execution_date=20231213T050000, start_date=20231213T190442, end_date=20231213T190443
[2023-12-13 19:04:43,872] {taskinstance.py:1220} INFO - 0 downstream tasks scheduled from follow-on schedule check
[2023-12-13 19:04:43,933] {local_task_job.py:146} INFO - Task exited with return code 0
