[2023-12-17 12:00:02,541] {taskinstance.py:851} INFO - Dependencies all met for <TaskInstance: dag_with_python_weather_v01.fill 2023-12-17T11:00:00+00:00 [queued]>
[2023-12-17 12:00:02,604] {taskinstance.py:851} INFO - Dependencies all met for <TaskInstance: dag_with_python_weather_v01.fill 2023-12-17T11:00:00+00:00 [queued]>
[2023-12-17 12:00:02,612] {taskinstance.py:1042} INFO - 
--------------------------------------------------------------------------------
[2023-12-17 12:00:02,614] {taskinstance.py:1043} INFO - Starting attempt 1 of 1
[2023-12-17 12:00:02,615] {taskinstance.py:1044} INFO - 
--------------------------------------------------------------------------------
[2023-12-17 12:00:02,671] {taskinstance.py:1063} INFO - Executing <Task(PythonOperator): fill> on 2023-12-17T11:00:00+00:00
[2023-12-17 12:00:02,679] {standard_task_runner.py:52} INFO - Started process 94134 to run task
[2023-12-17 12:00:02,699] {standard_task_runner.py:76} INFO - Running: ['airflow', 'tasks', 'run', 'dag_with_python_weather_v01', 'fill', '2023-12-17T11:00:00+00:00', '--job-id', '126', '--pool', 'default_pool', '--raw', '--subdir', 'DAGS_FOLDER/dag_with_python_weather.py', '--cfg-path', '/tmp/tmp2g2kx5nb', '--error-file', '/tmp/tmpmho6r2lf']
[2023-12-17 12:00:02,723] {standard_task_runner.py:77} INFO - Job 126: Subtask fill
[2023-12-17 12:00:03,038] {logging_mixin.py:104} INFO - Running <TaskInstance: dag_with_python_weather_v01.fill 2023-12-17T11:00:00+00:00 [running]> on host 5f3722f1fc3b
[2023-12-17 12:00:03,335] {taskinstance.py:1257} INFO - Exporting the following env vars:
AIRFLOW_CTX_DAG_OWNER=ggoni
AIRFLOW_CTX_DAG_ID=dag_with_python_weather_v01
AIRFLOW_CTX_TASK_ID=fill
AIRFLOW_CTX_EXECUTION_DATE=2023-12-17T11:00:00+00:00
AIRFLOW_CTX_DAG_RUN_ID=scheduled__2023-12-17T11:00:00+00:00
[2023-12-17 12:00:07,591] {python.py:118} INFO - Done. Returned value was: None
[2023-12-17 12:00:07,633] {taskinstance.py:1166} INFO - Marking task as SUCCESS. dag_id=dag_with_python_weather_v01, task_id=fill, execution_date=20231217T110000, start_date=20231217T120002, end_date=20231217T120007
[2023-12-17 12:00:07,701] {taskinstance.py:1220} INFO - 0 downstream tasks scheduled from follow-on schedule check
[2023-12-17 12:00:07,721] {local_task_job.py:146} INFO - Task exited with return code 0
