[2023-12-18 10:00:01,931] {taskinstance.py:851} INFO - Dependencies all met for <TaskInstance: dag_with_python_weather_v01.fill 2023-12-18T09:00:00+00:00 [queued]>
[2023-12-18 10:00:01,975] {taskinstance.py:851} INFO - Dependencies all met for <TaskInstance: dag_with_python_weather_v01.fill 2023-12-18T09:00:00+00:00 [queued]>
[2023-12-18 10:00:01,976] {taskinstance.py:1042} INFO - 
--------------------------------------------------------------------------------
[2023-12-18 10:00:01,977] {taskinstance.py:1043} INFO - Starting attempt 1 of 1
[2023-12-18 10:00:01,978] {taskinstance.py:1044} INFO - 
--------------------------------------------------------------------------------
[2023-12-18 10:00:01,999] {taskinstance.py:1063} INFO - Executing <Task(PythonOperator): fill> on 2023-12-18T09:00:00+00:00
[2023-12-18 10:00:02,007] {standard_task_runner.py:52} INFO - Started process 65611 to run task
[2023-12-18 10:00:02,011] {standard_task_runner.py:76} INFO - Running: ['airflow', 'tasks', 'run', 'dag_with_python_weather_v01', 'fill', '2023-12-18T09:00:00+00:00', '--job-id', '148', '--pool', 'default_pool', '--raw', '--subdir', 'DAGS_FOLDER/dag_with_python_weather.py', '--cfg-path', '/tmp/tmp7t494_9d', '--error-file', '/tmp/tmpc1qcax5i']
[2023-12-18 10:00:02,013] {standard_task_runner.py:77} INFO - Job 148: Subtask fill
[2023-12-18 10:00:02,087] {logging_mixin.py:104} INFO - Running <TaskInstance: dag_with_python_weather_v01.fill 2023-12-18T09:00:00+00:00 [running]> on host 5f3722f1fc3b
[2023-12-18 10:00:02,158] {taskinstance.py:1257} INFO - Exporting the following env vars:
AIRFLOW_CTX_DAG_OWNER=ggoni
AIRFLOW_CTX_DAG_ID=dag_with_python_weather_v01
AIRFLOW_CTX_TASK_ID=fill
AIRFLOW_CTX_EXECUTION_DATE=2023-12-18T09:00:00+00:00
AIRFLOW_CTX_DAG_RUN_ID=scheduled__2023-12-18T09:00:00+00:00
[2023-12-18 10:00:10,204] {logging_mixin.py:104} INFO - Error making API call: HTTPConnectionPool(host='api.weatherapi.com', port=80): Max retries exceeded with url: /v1/current.json?key=ee61f61470a04320b77161124231012&q=Quilpu%C3%A9 (Caused by NewConnectionError('<urllib3.connection.HTTPConnection object at 0x7fe9bb516278>: Failed to establish a new connection: [Errno -3] Temporary failure in name resolution',))
[2023-12-18 10:00:10,205] {taskinstance.py:1455} ERROR - 'NoneType' object is not subscriptable
Traceback (most recent call last):
  File "/home/airflow/.local/lib/python3.6/site-packages/airflow/models/taskinstance.py", line 1112, in _run_raw_task
    self._prepare_and_execute_task_with_callbacks(context, task)
  File "/home/airflow/.local/lib/python3.6/site-packages/airflow/models/taskinstance.py", line 1285, in _prepare_and_execute_task_with_callbacks
    result = self._execute_task(context, task_copy)
  File "/home/airflow/.local/lib/python3.6/site-packages/airflow/models/taskinstance.py", line 1315, in _execute_task
    result = task_copy.execute(context=context)
  File "/home/airflow/.local/lib/python3.6/site-packages/airflow/operators/python.py", line 117, in execute
    return_value = self.execute_callable()
  File "/home/airflow/.local/lib/python3.6/site-packages/airflow/operators/python.py", line 128, in execute_callable
    return self.python_callable(*self.op_args, **self.op_kwargs)
  File "/opt/airflow/dags/dag_with_python_weather.py", line 83, in fill
    my_tuple = get_data(location)
  File "/opt/airflow/dags/dag_with_python_weather.py", line 70, in get_data
    loc_json['current']['last_updated_epoch']), loc_json['current']['temp_c']
TypeError: 'NoneType' object is not subscriptable
[2023-12-18 10:00:10,225] {taskinstance.py:1503} INFO - Marking task as FAILED. dag_id=dag_with_python_weather_v01, task_id=fill, execution_date=20231218T090000, start_date=20231218T100001, end_date=20231218T100010
[2023-12-18 10:00:10,305] {local_task_job.py:146} INFO - Task exited with return code 1
