[2023-12-14 01:00:01,708] {taskinstance.py:851} INFO - Dependencies all met for <TaskInstance: dag_with_python_weather_v01.fill 2023-12-14T00:00:00+00:00 [queued]>
[2023-12-14 01:00:01,724] {taskinstance.py:851} INFO - Dependencies all met for <TaskInstance: dag_with_python_weather_v01.fill 2023-12-14T00:00:00+00:00 [queued]>
[2023-12-14 01:00:01,725] {taskinstance.py:1042} INFO - 
--------------------------------------------------------------------------------
[2023-12-14 01:00:01,725] {taskinstance.py:1043} INFO - Starting attempt 1 of 1
[2023-12-14 01:00:01,726] {taskinstance.py:1044} INFO - 
--------------------------------------------------------------------------------
[2023-12-14 01:00:01,737] {taskinstance.py:1063} INFO - Executing <Task(PythonOperator): fill> on 2023-12-14T00:00:00+00:00
[2023-12-14 01:00:01,741] {standard_task_runner.py:52} INFO - Started process 88468 to run task
[2023-12-14 01:00:01,745] {standard_task_runner.py:76} INFO - Running: ['airflow', 'tasks', 'run', 'dag_with_python_weather_v01', 'fill', '2023-12-14T00:00:00+00:00', '--job-id', '43', '--pool', 'default_pool', '--raw', '--subdir', 'DAGS_FOLDER/dag_with_python_weather.py', '--cfg-path', '/tmp/tmp9n7_4w5o', '--error-file', '/tmp/tmpu8wazsos']
[2023-12-14 01:00:01,748] {standard_task_runner.py:77} INFO - Job 43: Subtask fill
[2023-12-14 01:00:01,802] {logging_mixin.py:104} INFO - Running <TaskInstance: dag_with_python_weather_v01.fill 2023-12-14T00:00:00+00:00 [running]> on host 5f3722f1fc3b
[2023-12-14 01:00:01,853] {taskinstance.py:1257} INFO - Exporting the following env vars:
AIRFLOW_CTX_DAG_OWNER=ggoni
AIRFLOW_CTX_DAG_ID=dag_with_python_weather_v01
AIRFLOW_CTX_TASK_ID=fill
AIRFLOW_CTX_EXECUTION_DATE=2023-12-14T00:00:00+00:00
AIRFLOW_CTX_DAG_RUN_ID=scheduled__2023-12-14T00:00:00+00:00
[2023-12-14 01:00:05,064] {python.py:118} INFO - Done. Returned value was: None
[2023-12-14 01:00:05,080] {taskinstance.py:1166} INFO - Marking task as SUCCESS. dag_id=dag_with_python_weather_v01, task_id=fill, execution_date=20231214T000000, start_date=20231214T010001, end_date=20231214T010005
[2023-12-14 01:00:05,113] {taskinstance.py:1220} INFO - 0 downstream tasks scheduled from follow-on schedule check
[2023-12-14 01:00:05,121] {local_task_job.py:146} INFO - Task exited with return code 0
