[2023-12-22 03:00:07,110] {taskinstance.py:851} INFO - Dependencies all met for <TaskInstance: dag_with_python_weather_v01.fill 2023-12-22T02:00:00+00:00 [queued]>
[2023-12-22 03:00:07,147] {taskinstance.py:851} INFO - Dependencies all met for <TaskInstance: dag_with_python_weather_v01.fill 2023-12-22T02:00:00+00:00 [queued]>
[2023-12-22 03:00:07,147] {taskinstance.py:1042} INFO - 
--------------------------------------------------------------------------------
[2023-12-22 03:00:07,148] {taskinstance.py:1043} INFO - Starting attempt 1 of 1
[2023-12-22 03:00:07,148] {taskinstance.py:1044} INFO - 
--------------------------------------------------------------------------------
[2023-12-22 03:00:07,166] {taskinstance.py:1063} INFO - Executing <Task(PythonOperator): fill> on 2023-12-22T02:00:00+00:00
[2023-12-22 03:00:07,201] {standard_task_runner.py:52} INFO - Started process 65094 to run task
[2023-12-22 03:00:07,210] {standard_task_runner.py:76} INFO - Running: ['airflow', 'tasks', 'run', 'dag_with_python_weather_v01', 'fill', '2023-12-22T02:00:00+00:00', '--job-id', '237', '--pool', 'default_pool', '--raw', '--subdir', 'DAGS_FOLDER/dag_with_python_weather.py', '--cfg-path', '/tmp/tmp67y0m7fy', '--error-file', '/tmp/tmpnmlqujnd']
[2023-12-22 03:00:07,215] {standard_task_runner.py:77} INFO - Job 237: Subtask fill
[2023-12-22 03:00:07,302] {logging_mixin.py:104} INFO - Running <TaskInstance: dag_with_python_weather_v01.fill 2023-12-22T02:00:00+00:00 [running]> on host 5f3722f1fc3b
[2023-12-22 03:00:07,461] {taskinstance.py:1257} INFO - Exporting the following env vars:
AIRFLOW_CTX_DAG_OWNER=ggoni
AIRFLOW_CTX_DAG_ID=dag_with_python_weather_v01
AIRFLOW_CTX_TASK_ID=fill
AIRFLOW_CTX_EXECUTION_DATE=2023-12-22T02:00:00+00:00
AIRFLOW_CTX_DAG_RUN_ID=scheduled__2023-12-22T02:00:00+00:00
[2023-12-22 03:00:09,234] {python.py:118} INFO - Done. Returned value was: None
[2023-12-22 03:00:09,268] {taskinstance.py:1166} INFO - Marking task as SUCCESS. dag_id=dag_with_python_weather_v01, task_id=fill, execution_date=20231222T020000, start_date=20231222T030007, end_date=20231222T030009
[2023-12-22 03:00:09,382] {taskinstance.py:1220} INFO - 0 downstream tasks scheduled from follow-on schedule check
[2023-12-22 03:00:09,437] {local_task_job.py:146} INFO - Task exited with return code 0
