[2023-12-13 16:33:39,147] {taskinstance.py:851} INFO - Dependencies all met for <TaskInstance: dag_with_python_weather_v01.fill 2023-12-13T13:00:00+00:00 [queued]>
[2023-12-13 16:33:39,514] {taskinstance.py:851} INFO - Dependencies all met for <TaskInstance: dag_with_python_weather_v01.fill 2023-12-13T13:00:00+00:00 [queued]>
[2023-12-13 16:33:39,528] {taskinstance.py:1042} INFO - 
--------------------------------------------------------------------------------
[2023-12-13 16:33:39,533] {taskinstance.py:1043} INFO - Starting attempt 1 of 1
[2023-12-13 16:33:39,539] {taskinstance.py:1044} INFO - 
--------------------------------------------------------------------------------
[2023-12-13 16:33:39,627] {taskinstance.py:1063} INFO - Executing <Task(PythonOperator): fill> on 2023-12-13T13:00:00+00:00
[2023-12-13 16:33:39,661] {standard_task_runner.py:52} INFO - Started process 4975 to run task
[2023-12-13 16:33:39,666] {standard_task_runner.py:76} INFO - Running: ['airflow', 'tasks', 'run', 'dag_with_python_weather_v01', 'fill', '2023-12-13T13:00:00+00:00', '--job-id', '134', '--pool', 'default_pool', '--raw', '--subdir', 'DAGS_FOLDER/dag_with_python_weather.py', '--cfg-path', '/tmp/tmpnlptsnbm', '--error-file', '/tmp/tmp8ly5112i']
[2023-12-13 16:33:39,678] {standard_task_runner.py:77} INFO - Job 134: Subtask fill
[2023-12-13 16:33:40,161] {logging_mixin.py:104} INFO - Running <TaskInstance: dag_with_python_weather_v01.fill 2023-12-13T13:00:00+00:00 [running]> on host 40570a32c2c3
[2023-12-13 16:33:40,401] {taskinstance.py:1257} INFO - Exporting the following env vars:
AIRFLOW_CTX_DAG_OWNER=ggoni
AIRFLOW_CTX_DAG_ID=dag_with_python_weather_v01
AIRFLOW_CTX_TASK_ID=fill
AIRFLOW_CTX_EXECUTION_DATE=2023-12-13T13:00:00+00:00
AIRFLOW_CTX_DAG_RUN_ID=scheduled__2023-12-13T13:00:00+00:00
[2023-12-13 16:33:40,402] {taskinstance.py:1455} ERROR - name 'locations' is not defined
Traceback (most recent call last):
  File "/home/airflow/.local/lib/python3.6/site-packages/airflow/models/taskinstance.py", line 1112, in _run_raw_task
    self._prepare_and_execute_task_with_callbacks(context, task)
  File "/home/airflow/.local/lib/python3.6/site-packages/airflow/models/taskinstance.py", line 1285, in _prepare_and_execute_task_with_callbacks
    result = self._execute_task(context, task_copy)
  File "/home/airflow/.local/lib/python3.6/site-packages/airflow/models/taskinstance.py", line 1315, in _execute_task
    result = task_copy.execute(context=context)
  File "/home/airflow/.local/lib/python3.6/site-packages/airflow/operators/python.py", line 117, in execute
    return_value = self.execute_callable()
  File "/home/airflow/.local/lib/python3.6/site-packages/airflow/operators/python.py", line 128, in execute_callable
    return self.python_callable(*self.op_args, **self.op_kwargs)
  File "/opt/airflow/dags/dag_with_python_weather.py", line 74, in fill
    for location in locations:
NameError: name 'locations' is not defined
[2023-12-13 16:33:40,427] {taskinstance.py:1503} INFO - Marking task as FAILED. dag_id=dag_with_python_weather_v01, task_id=fill, execution_date=20231213T130000, start_date=20231213T163339, end_date=20231213T163340
[2023-12-13 16:33:40,732] {local_task_job.py:146} INFO - Task exited with return code 1
[2023-12-13 19:04:44,522] {taskinstance.py:851} INFO - Dependencies all met for <TaskInstance: dag_with_python_weather_v01.fill 2023-12-13T13:00:00+00:00 [queued]>
[2023-12-13 19:04:44,559] {taskinstance.py:851} INFO - Dependencies all met for <TaskInstance: dag_with_python_weather_v01.fill 2023-12-13T13:00:00+00:00 [queued]>
[2023-12-13 19:04:44,560] {taskinstance.py:1042} INFO - 
--------------------------------------------------------------------------------
[2023-12-13 19:04:44,561] {taskinstance.py:1043} INFO - Starting attempt 1 of 1
[2023-12-13 19:04:44,562] {taskinstance.py:1044} INFO - 
--------------------------------------------------------------------------------
[2023-12-13 19:04:44,587] {taskinstance.py:1063} INFO - Executing <Task(PythonOperator): fill> on 2023-12-13T13:00:00+00:00
[2023-12-13 19:04:44,595] {standard_task_runner.py:52} INFO - Started process 694 to run task
[2023-12-13 19:04:44,605] {standard_task_runner.py:76} INFO - Running: ['airflow', 'tasks', 'run', 'dag_with_python_weather_v01', 'fill', '2023-12-13T13:00:00+00:00', '--job-id', '15', '--pool', 'default_pool', '--raw', '--subdir', 'DAGS_FOLDER/dag_with_python_weather.py', '--cfg-path', '/tmp/tmpkh4vdupk', '--error-file', '/tmp/tmpjnk_js8h']
[2023-12-13 19:04:44,613] {standard_task_runner.py:77} INFO - Job 15: Subtask fill
[2023-12-13 19:04:44,728] {logging_mixin.py:104} INFO - Running <TaskInstance: dag_with_python_weather_v01.fill 2023-12-13T13:00:00+00:00 [running]> on host 21326130d467
[2023-12-13 19:04:44,852] {taskinstance.py:1257} INFO - Exporting the following env vars:
AIRFLOW_CTX_DAG_OWNER=ggoni
AIRFLOW_CTX_DAG_ID=dag_with_python_weather_v01
AIRFLOW_CTX_TASK_ID=fill
AIRFLOW_CTX_EXECUTION_DATE=2023-12-13T13:00:00+00:00
AIRFLOW_CTX_DAG_RUN_ID=scheduled__2023-12-13T13:00:00+00:00
[2023-12-13 19:04:45,237] {python.py:118} INFO - Done. Returned value was: None
[2023-12-13 19:04:45,262] {taskinstance.py:1166} INFO - Marking task as SUCCESS. dag_id=dag_with_python_weather_v01, task_id=fill, execution_date=20231213T130000, start_date=20231213T190444, end_date=20231213T190445
[2023-12-13 19:04:45,331] {taskinstance.py:1220} INFO - 0 downstream tasks scheduled from follow-on schedule check
[2023-12-13 19:04:45,343] {local_task_job.py:146} INFO - Task exited with return code 0
