[2023-12-17 02:00:01,712] {taskinstance.py:851} INFO - Dependencies all met for <TaskInstance: dag_with_python_weather_v01.fill 2023-12-17T01:00:00+00:00 [queued]>
[2023-12-17 02:00:01,866] {taskinstance.py:851} INFO - Dependencies all met for <TaskInstance: dag_with_python_weather_v01.fill 2023-12-17T01:00:00+00:00 [queued]>
[2023-12-17 02:00:01,867] {taskinstance.py:1042} INFO - 
--------------------------------------------------------------------------------
[2023-12-17 02:00:01,868] {taskinstance.py:1043} INFO - Starting attempt 1 of 1
[2023-12-17 02:00:01,868] {taskinstance.py:1044} INFO - 
--------------------------------------------------------------------------------
[2023-12-17 02:00:01,902] {taskinstance.py:1063} INFO - Executing <Task(PythonOperator): fill> on 2023-12-17T01:00:00+00:00
[2023-12-17 02:00:01,918] {standard_task_runner.py:52} INFO - Started process 25667 to run task
[2023-12-17 02:00:01,929] {standard_task_runner.py:76} INFO - Running: ['airflow', 'tasks', 'run', 'dag_with_python_weather_v01', 'fill', '2023-12-17T01:00:00+00:00', '--job-id', '116', '--pool', 'default_pool', '--raw', '--subdir', 'DAGS_FOLDER/dag_with_python_weather.py', '--cfg-path', '/tmp/tmpt5zrtag3', '--error-file', '/tmp/tmp60_y2oxh']
[2023-12-17 02:00:01,936] {standard_task_runner.py:77} INFO - Job 116: Subtask fill
[2023-12-17 02:00:02,123] {logging_mixin.py:104} INFO - Running <TaskInstance: dag_with_python_weather_v01.fill 2023-12-17T01:00:00+00:00 [running]> on host 5f3722f1fc3b
[2023-12-17 02:00:02,233] {taskinstance.py:1257} INFO - Exporting the following env vars:
AIRFLOW_CTX_DAG_OWNER=ggoni
AIRFLOW_CTX_DAG_ID=dag_with_python_weather_v01
AIRFLOW_CTX_TASK_ID=fill
AIRFLOW_CTX_EXECUTION_DATE=2023-12-17T01:00:00+00:00
AIRFLOW_CTX_DAG_RUN_ID=scheduled__2023-12-17T01:00:00+00:00
[2023-12-17 02:00:03,588] {python.py:118} INFO - Done. Returned value was: None
[2023-12-17 02:00:03,616] {taskinstance.py:1166} INFO - Marking task as SUCCESS. dag_id=dag_with_python_weather_v01, task_id=fill, execution_date=20231217T010000, start_date=20231217T020001, end_date=20231217T020003
[2023-12-17 02:00:03,661] {taskinstance.py:1220} INFO - 0 downstream tasks scheduled from follow-on schedule check
[2023-12-17 02:00:03,696] {local_task_job.py:146} INFO - Task exited with return code 0
