[2023-12-17 07:00:03,488] {taskinstance.py:851} INFO - Dependencies all met for <TaskInstance: dag_with_python_weather_v01.fill 2023-12-17T06:00:00+00:00 [queued]>
[2023-12-17 07:00:03,518] {taskinstance.py:851} INFO - Dependencies all met for <TaskInstance: dag_with_python_weather_v01.fill 2023-12-17T06:00:00+00:00 [queued]>
[2023-12-17 07:00:03,519] {taskinstance.py:1042} INFO - 
--------------------------------------------------------------------------------
[2023-12-17 07:00:03,520] {taskinstance.py:1043} INFO - Starting attempt 1 of 1
[2023-12-17 07:00:03,520] {taskinstance.py:1044} INFO - 
--------------------------------------------------------------------------------
[2023-12-17 07:00:03,534] {taskinstance.py:1063} INFO - Executing <Task(PythonOperator): fill> on 2023-12-17T06:00:00+00:00
[2023-12-17 07:00:03,540] {standard_task_runner.py:52} INFO - Started process 10078 to run task
[2023-12-17 07:00:03,549] {standard_task_runner.py:76} INFO - Running: ['airflow', 'tasks', 'run', 'dag_with_python_weather_v01', 'fill', '2023-12-17T06:00:00+00:00', '--job-id', '121', '--pool', 'default_pool', '--raw', '--subdir', 'DAGS_FOLDER/dag_with_python_weather.py', '--cfg-path', '/tmp/tmpdcxww0re', '--error-file', '/tmp/tmptw6vo9lh']
[2023-12-17 07:00:03,554] {standard_task_runner.py:77} INFO - Job 121: Subtask fill
[2023-12-17 07:00:03,643] {logging_mixin.py:104} INFO - Running <TaskInstance: dag_with_python_weather_v01.fill 2023-12-17T06:00:00+00:00 [running]> on host 5f3722f1fc3b
[2023-12-17 07:00:03,807] {taskinstance.py:1257} INFO - Exporting the following env vars:
AIRFLOW_CTX_DAG_OWNER=ggoni
AIRFLOW_CTX_DAG_ID=dag_with_python_weather_v01
AIRFLOW_CTX_TASK_ID=fill
AIRFLOW_CTX_EXECUTION_DATE=2023-12-17T06:00:00+00:00
AIRFLOW_CTX_DAG_RUN_ID=scheduled__2023-12-17T06:00:00+00:00
[2023-12-17 07:00:06,526] {python.py:118} INFO - Done. Returned value was: None
[2023-12-17 07:00:06,544] {taskinstance.py:1166} INFO - Marking task as SUCCESS. dag_id=dag_with_python_weather_v01, task_id=fill, execution_date=20231217T060000, start_date=20231217T070003, end_date=20231217T070006
[2023-12-17 07:00:06,584] {taskinstance.py:1220} INFO - 0 downstream tasks scheduled from follow-on schedule check
[2023-12-17 07:00:06,600] {local_task_job.py:146} INFO - Task exited with return code 0
