[2023-12-15 16:00:00,908] {taskinstance.py:851} INFO - Dependencies all met for <TaskInstance: dag_with_python_weather_v01.fill 2023-12-15T15:00:00+00:00 [queued]>
[2023-12-15 16:00:00,926] {taskinstance.py:851} INFO - Dependencies all met for <TaskInstance: dag_with_python_weather_v01.fill 2023-12-15T15:00:00+00:00 [queued]>
[2023-12-15 16:00:00,927] {taskinstance.py:1042} INFO - 
--------------------------------------------------------------------------------
[2023-12-15 16:00:00,927] {taskinstance.py:1043} INFO - Starting attempt 1 of 1
[2023-12-15 16:00:00,928] {taskinstance.py:1044} INFO - 
--------------------------------------------------------------------------------
[2023-12-15 16:00:00,937] {taskinstance.py:1063} INFO - Executing <Task(PythonOperator): fill> on 2023-12-15T15:00:00+00:00
[2023-12-15 16:00:00,941] {standard_task_runner.py:52} INFO - Started process 50668 to run task
[2023-12-15 16:00:00,945] {standard_task_runner.py:76} INFO - Running: ['airflow', 'tasks', 'run', 'dag_with_python_weather_v01', 'fill', '2023-12-15T15:00:00+00:00', '--job-id', '82', '--pool', 'default_pool', '--raw', '--subdir', 'DAGS_FOLDER/dag_with_python_weather.py', '--cfg-path', '/tmp/tmpg6gc5vtw', '--error-file', '/tmp/tmprna0d0f7']
[2023-12-15 16:00:00,947] {standard_task_runner.py:77} INFO - Job 82: Subtask fill
[2023-12-15 16:00:00,992] {logging_mixin.py:104} INFO - Running <TaskInstance: dag_with_python_weather_v01.fill 2023-12-15T15:00:00+00:00 [running]> on host 5f3722f1fc3b
[2023-12-15 16:00:01,045] {taskinstance.py:1257} INFO - Exporting the following env vars:
AIRFLOW_CTX_DAG_OWNER=ggoni
AIRFLOW_CTX_DAG_ID=dag_with_python_weather_v01
AIRFLOW_CTX_TASK_ID=fill
AIRFLOW_CTX_EXECUTION_DATE=2023-12-15T15:00:00+00:00
AIRFLOW_CTX_DAG_RUN_ID=scheduled__2023-12-15T15:00:00+00:00
[2023-12-15 16:00:04,061] {python.py:118} INFO - Done. Returned value was: None
[2023-12-15 16:00:04,076] {taskinstance.py:1166} INFO - Marking task as SUCCESS. dag_id=dag_with_python_weather_v01, task_id=fill, execution_date=20231215T150000, start_date=20231215T160000, end_date=20231215T160004
[2023-12-15 16:00:04,104] {taskinstance.py:1220} INFO - 0 downstream tasks scheduled from follow-on schedule check
[2023-12-15 16:00:04,115] {local_task_job.py:146} INFO - Task exited with return code 0
