[2023-12-13 17:01:03,894] {taskinstance.py:851} INFO - Dependencies all met for <TaskInstance: dag_with_python_weather_v01.fill 2023-12-13T17:01:02.861939+00:00 [queued]>
[2023-12-13 17:01:03,930] {taskinstance.py:851} INFO - Dependencies all met for <TaskInstance: dag_with_python_weather_v01.fill 2023-12-13T17:01:02.861939+00:00 [queued]>
[2023-12-13 17:01:03,931] {taskinstance.py:1042} INFO - 
--------------------------------------------------------------------------------
[2023-12-13 17:01:03,933] {taskinstance.py:1043} INFO - Starting attempt 1 of 1
[2023-12-13 17:01:03,934] {taskinstance.py:1044} INFO - 
--------------------------------------------------------------------------------
[2023-12-13 17:01:03,950] {taskinstance.py:1063} INFO - Executing <Task(PythonOperator): fill> on 2023-12-13T17:01:02.861939+00:00
[2023-12-13 17:01:03,957] {standard_task_runner.py:52} INFO - Started process 3702 to run task
[2023-12-13 17:01:03,962] {standard_task_runner.py:76} INFO - Running: ['airflow', 'tasks', 'run', 'dag_with_python_weather_v01', 'fill', '2023-12-13T17:01:02.861939+00:00', '--job-id', '141', '--pool', 'default_pool', '--raw', '--subdir', 'DAGS_FOLDER/dag_with_python_weather.py', '--cfg-path', '/tmp/tmpwqnwzkg2', '--error-file', '/tmp/tmpvl44cblh']
[2023-12-13 17:01:03,966] {standard_task_runner.py:77} INFO - Job 141: Subtask fill
[2023-12-13 17:01:04,037] {logging_mixin.py:104} INFO - Running <TaskInstance: dag_with_python_weather_v01.fill 2023-12-13T17:01:02.861939+00:00 [running]> on host 27393a612fb2
[2023-12-13 17:01:04,115] {taskinstance.py:1257} INFO - Exporting the following env vars:
AIRFLOW_CTX_DAG_OWNER=ggoni
AIRFLOW_CTX_DAG_ID=dag_with_python_weather_v01
AIRFLOW_CTX_TASK_ID=fill
AIRFLOW_CTX_EXECUTION_DATE=2023-12-13T17:01:02.861939+00:00
AIRFLOW_CTX_DAG_RUN_ID=manual__2023-12-13T17:01:02.861939+00:00
[2023-12-13 17:01:04,603] {python.py:118} INFO - Done. Returned value was: None
[2023-12-13 17:01:04,629] {taskinstance.py:1166} INFO - Marking task as SUCCESS. dag_id=dag_with_python_weather_v01, task_id=fill, execution_date=20231213T170102, start_date=20231213T170103, end_date=20231213T170104
[2023-12-13 17:01:04,661] {taskinstance.py:1220} INFO - 0 downstream tasks scheduled from follow-on schedule check
[2023-12-13 17:01:04,679] {local_task_job.py:146} INFO - Task exited with return code 0
