[2023-12-18 15:00:02,659] {taskinstance.py:851} INFO - Dependencies all met for <TaskInstance: dag_with_python_weather_v01.fill 2023-12-18T14:00:00+00:00 [queued]>
[2023-12-18 15:00:02,686] {taskinstance.py:851} INFO - Dependencies all met for <TaskInstance: dag_with_python_weather_v01.fill 2023-12-18T14:00:00+00:00 [queued]>
[2023-12-18 15:00:02,686] {taskinstance.py:1042} INFO - 
--------------------------------------------------------------------------------
[2023-12-18 15:00:02,687] {taskinstance.py:1043} INFO - Starting attempt 1 of 1
[2023-12-18 15:00:02,687] {taskinstance.py:1044} INFO - 
--------------------------------------------------------------------------------
[2023-12-18 15:00:02,708] {taskinstance.py:1063} INFO - Executing <Task(PythonOperator): fill> on 2023-12-18T14:00:00+00:00
[2023-12-18 15:00:02,713] {standard_task_runner.py:52} INFO - Started process 50052 to run task
[2023-12-18 15:00:02,719] {standard_task_runner.py:76} INFO - Running: ['airflow', 'tasks', 'run', 'dag_with_python_weather_v01', 'fill', '2023-12-18T14:00:00+00:00', '--job-id', '153', '--pool', 'default_pool', '--raw', '--subdir', 'DAGS_FOLDER/dag_with_python_weather.py', '--cfg-path', '/tmp/tmpq4k46rgr', '--error-file', '/tmp/tmptpsyu23d']
[2023-12-18 15:00:02,724] {standard_task_runner.py:77} INFO - Job 153: Subtask fill
[2023-12-18 15:00:02,771] {logging_mixin.py:104} INFO - Running <TaskInstance: dag_with_python_weather_v01.fill 2023-12-18T14:00:00+00:00 [running]> on host 5f3722f1fc3b
[2023-12-18 15:00:02,848] {taskinstance.py:1257} INFO - Exporting the following env vars:
AIRFLOW_CTX_DAG_OWNER=ggoni
AIRFLOW_CTX_DAG_ID=dag_with_python_weather_v01
AIRFLOW_CTX_TASK_ID=fill
AIRFLOW_CTX_EXECUTION_DATE=2023-12-18T14:00:00+00:00
AIRFLOW_CTX_DAG_RUN_ID=scheduled__2023-12-18T14:00:00+00:00
[2023-12-18 15:00:06,492] {python.py:118} INFO - Done. Returned value was: None
[2023-12-18 15:00:06,506] {taskinstance.py:1166} INFO - Marking task as SUCCESS. dag_id=dag_with_python_weather_v01, task_id=fill, execution_date=20231218T140000, start_date=20231218T150002, end_date=20231218T150006
[2023-12-18 15:00:06,542] {taskinstance.py:1220} INFO - 0 downstream tasks scheduled from follow-on schedule check
[2023-12-18 15:00:06,554] {local_task_job.py:146} INFO - Task exited with return code 0
